CRITICAL - 2022-11-28 08:55:26 --> Invalid file: v_head.php
in SYSTEMPATH\Exceptions\FrameworkException.php on line 33.
 1 SYSTEMPATH\View\View.php(201): CodeIgniter\Exceptions\FrameworkException::forInvalidFile('v_head.php')
 2 SYSTEMPATH\Common.php(1134): CodeIgniter\View\View->render('v_head', [], true)
 3 APPPATH\Views\layout\v_template.php(2): view('v_head')
 4 SYSTEMPATH\View\View.php(213): include('APPPATH\\Views\\layout\\v_template.php')
 5 SYSTEMPATH\View\View.php(216): CodeIgniter\View\View->CodeIgniter\View\{closure}()
 6 SYSTEMPATH\Common.php(1134): CodeIgniter\View\View->render('layout/v_template', [], true)
 7 APPPATH\Controllers\Home.php(14): view('layout/v_template')
 8 SYSTEMPATH\CodeIgniter.php(927): App\Controllers\Home->index()
 9 SYSTEMPATH\CodeIgniter.php(482): CodeIgniter\CodeIgniter->runController(Object(App\Controllers\Home))
10 SYSTEMPATH\CodeIgniter.php(351): CodeIgniter\CodeIgniter->handleRequest(null, Object(Config\Cache), false)
11 FCPATH\index.php(67): CodeIgniter\CodeIgniter->run()
CRITICAL - 2022-11-28 08:57:07 --> Undefined variable $isi
in APPPATH\Views\layout\v_konten.php on line 2.
 1 APPPATH\Views\layout\v_konten.php(2): CodeIgniter\Debug\Exceptions->errorHandler(2, 'Undefined variable $isi', 'APPPATH\\Views\\layout\\v_konten.php', 2)
 2 SYSTEMPATH\View\View.php(213): include('APPPATH\\Views\\layout\\v_konten.php')
 3 SYSTEMPATH\View\View.php(216): CodeIgniter\View\View->CodeIgniter\View\{closure}()
 4 SYSTEMPATH\Common.php(1134): CodeIgniter\View\View->render('layout/v_konten.php', [], true)
 5 APPPATH\Views\layout\v_template.php(5): view('layout/v_konten.php')
 6 SYSTEMPATH\View\View.php(213): include('APPPATH\\Views\\layout\\v_template.php')
 7 SYSTEMPATH\View\View.php(216): CodeIgniter\View\View->CodeIgniter\View\{closure}()
 8 SYSTEMPATH\Common.php(1134): CodeIgniter\View\View->render('layout/v_template', [], true)
 9 APPPATH\Controllers\Home.php(14): view('layout/v_template')
10 SYSTEMPATH\CodeIgniter.php(927): App\Controllers\Home->index()
11 SYSTEMPATH\CodeIgniter.php(482): CodeIgniter\CodeIgniter->runController(Object(App\Controllers\Home))
12 SYSTEMPATH\CodeIgniter.php(351): CodeIgniter\CodeIgniter->handleRequest(null, Object(Config\Cache), false)
13 FCPATH\index.php(67): CodeIgniter\CodeIgniter->run()
CRITICAL - 2022-11-28 08:57:08 --> Undefined variable $isi
in APPPATH\Views\layout\v_konten.php on line 2.
 1 APPPATH\Views\layout\v_konten.php(2): CodeIgniter\Debug\Exceptions->errorHandler(2, 'Undefined variable $isi', 'APPPATH\\Views\\layout\\v_konten.php', 2)
 2 SYSTEMPATH\View\View.php(213): include('APPPATH\\Views\\layout\\v_konten.php')
 3 SYSTEMPATH\View\View.php(216): CodeIgniter\View\View->CodeIgniter\View\{closure}()
 4 SYSTEMPATH\Common.php(1134): CodeIgniter\View\View->render('layout/v_konten.php', [], true)
 5 APPPATH\Views\layout\v_template.php(5): view('layout/v_konten.php')
 6 SYSTEMPATH\View\View.php(213): include('APPPATH\\Views\\layout\\v_template.php')
 7 SYSTEMPATH\View\View.php(216): CodeIgniter\View\View->CodeIgniter\View\{closure}()
 8 SYSTEMPATH\Common.php(1134): CodeIgniter\View\View->render('layout/v_template', [], true)
 9 APPPATH\Controllers\Home.php(14): view('layout/v_template')
10 SYSTEMPATH\CodeIgniter.php(927): App\Controllers\Home->index()
11 SYSTEMPATH\CodeIgniter.php(482): CodeIgniter\CodeIgniter->runController(Object(App\Controllers\Home))
12 SYSTEMPATH\CodeIgniter.php(351): CodeIgniter\CodeIgniter->handleRequest(null, Object(Config\Cache), false)
13 FCPATH\index.php(67): CodeIgniter\CodeIgniter->run()
CRITICAL - 2022-11-28 09:02:05 --> Invalid file: v_home.php
in SYSTEMPATH\Exceptions\FrameworkException.php on line 33.
 1 SYSTEMPATH\View\View.php(201): CodeIgniter\Exceptions\FrameworkException::forInvalidFile('v_home.php')
 2 SYSTEMPATH\Common.php(1134): CodeIgniter\View\View->render('v_home', [], true)
 3 APPPATH\Views\layout\v_konten.php(3): view('v_home')
 4 SYSTEMPATH\View\View.php(213): include('APPPATH\\Views\\layout\\v_konten.php')
 5 SYSTEMPATH\View\View.php(216): CodeIgniter\View\View->CodeIgniter\View\{closure}()
 6 SYSTEMPATH\Common.php(1134): CodeIgniter\View\View->render('layout/v_konten.php', [], true)
 7 APPPATH\Views\layout\v_template.php(5): view('layout/v_konten.php')
 8 SYSTEMPATH\View\View.php(213): include('APPPATH\\Views\\layout\\v_template.php')
 9 SYSTEMPATH\View\View.php(216): CodeIgniter\View\View->CodeIgniter\View\{closure}()
10 SYSTEMPATH\Common.php(1134): CodeIgniter\View\View->render('layout/v_template', [], true)
11 APPPATH\Controllers\Home.php(14): view('layout/v_template', [...])
12 SYSTEMPATH\CodeIgniter.php(927): App\Controllers\Home->index()
13 SYSTEMPATH\CodeIgniter.php(482): CodeIgniter\CodeIgniter->runController(Object(App\Controllers\Home))
14 SYSTEMPATH\CodeIgniter.php(351): CodeIgniter\CodeIgniter->handleRequest(null, Object(Config\Cache), false)
15 FCPATH\index.php(67): CodeIgniter\CodeIgniter->run()
CRITICAL - 2022-11-28 09:02:06 --> Invalid file: v_home.php
in SYSTEMPATH\Exceptions\FrameworkException.php on line 33.
 1 SYSTEMPATH\View\View.php(201): CodeIgniter\Exceptions\FrameworkException::forInvalidFile('v_home.php')
 2 SYSTEMPATH\Common.php(1134): CodeIgniter\View\View->render('v_home', [], true)
 3 APPPATH\Views\layout\v_konten.php(3): view('v_home')
 4 SYSTEMPATH\View\View.php(213): include('APPPATH\\Views\\layout\\v_konten.php')
 5 SYSTEMPATH\View\View.php(216): CodeIgniter\View\View->CodeIgniter\View\{closure}()
 6 SYSTEMPATH\Common.php(1134): CodeIgniter\View\View->render('layout/v_konten.php', [], true)
 7 APPPATH\Views\layout\v_template.php(5): view('layout/v_konten.php')
 8 SYSTEMPATH\View\View.php(213): include('APPPATH\\Views\\layout\\v_template.php')
 9 SYSTEMPATH\View\View.php(216): CodeIgniter\View\View->CodeIgniter\View\{closure}()
10 SYSTEMPATH\Common.php(1134): CodeIgniter\View\View->render('layout/v_template', [], true)
11 APPPATH\Controllers\Home.php(14): view('layout/v_template', [...])
12 SYSTEMPATH\CodeIgniter.php(927): App\Controllers\Home->index()
13 SYSTEMPATH\CodeIgniter.php(482): CodeIgniter\CodeIgniter->runController(Object(App\Controllers\Home))
14 SYSTEMPATH\CodeIgniter.php(351): CodeIgniter\CodeIgniter->handleRequest(null, Object(Config\Cache), false)
15 FCPATH\index.php(67): CodeIgniter\CodeIgniter->run()
CRITICAL - 2022-11-28 09:03:09 --> Invalid file: v_home.php
in SYSTEMPATH\Exceptions\FrameworkException.php on line 33.
 1 SYSTEMPATH\View\View.php(201): CodeIgniter\Exceptions\FrameworkException::forInvalidFile('v_home.php')
 2 SYSTEMPATH\Common.php(1134): CodeIgniter\View\View->render('v_home', [], true)
 3 APPPATH\Views\layout\v_konten.php(3): view('v_home')
 4 SYSTEMPATH\View\View.php(213): include('APPPATH\\Views\\layout\\v_konten.php')
 5 SYSTEMPATH\View\View.php(216): CodeIgniter\View\View->CodeIgniter\View\{closure}()
 6 SYSTEMPATH\Common.php(1134): CodeIgniter\View\View->render('layout/v_konten.php', [], true)
 7 APPPATH\Views\layout\v_template.php(5): view('layout/v_konten.php')
 8 SYSTEMPATH\View\View.php(213): include('APPPATH\\Views\\layout\\v_template.php')
 9 SYSTEMPATH\View\View.php(216): CodeIgniter\View\View->CodeIgniter\View\{closure}()
10 SYSTEMPATH\Common.php(1134): CodeIgniter\View\View->render('layout/v_template', [], true)
11 APPPATH\Controllers\Home.php(14): view('layout/v_template', [...])
12 SYSTEMPATH\CodeIgniter.php(927): App\Controllers\Home->index()
13 SYSTEMPATH\CodeIgniter.php(482): CodeIgniter\CodeIgniter->runController(Object(App\Controllers\Home))
14 SYSTEMPATH\CodeIgniter.php(351): CodeIgniter\CodeIgniter->handleRequest(null, Object(Config\Cache), false)
15 FCPATH\index.php(67): CodeIgniter\CodeIgniter->run()
CRITICAL - 2022-11-28 10:38:14 --> Namespace declaration statement has to be the very first statement or after any declare call in the script
in APPPATH\Controllers\Kantor.php on line 5.
 1 [internal function]: CodeIgniter\Debug\Exceptions->shutdownHandler()
CRITICAL - 2022-11-28 10:38:59 --> Namespace declaration statement has to be the very first statement or after any declare call in the script
in APPPATH\Controllers\Kantor.php on line 5.
 1 [internal function]: CodeIgniter\Debug\Exceptions->shutdownHandler()
CRITICAL - 2022-11-28 10:40:00 --> Cannot use temporary expression in write context
in APPPATH\Controllers\Kantor.php on line 11.
 1 [internal function]: CodeIgniter\Debug\Exceptions->shutdownHandler()
CRITICAL - 2022-11-28 10:40:19 --> Cannot use temporary expression in write context
in APPPATH\Controllers\Kantor.php on line 11.
 1 [internal function]: CodeIgniter\Debug\Exceptions->shutdownHandler()
CRITICAL - 2022-11-28 10:40:40 --> Undefined constant "App\Controllers\this"
in APPPATH\Controllers\Kantor.php on line 17.
 1 SYSTEMPATH\CodeIgniter.php(927): App\Controllers\Kantor->index()
 2 SYSTEMPATH\CodeIgniter.php(482): CodeIgniter\CodeIgniter->runController(Object(App\Controllers\Kantor))
 3 SYSTEMPATH\CodeIgniter.php(351): CodeIgniter\CodeIgniter->handleRequest(null, Object(Config\Cache), false)
 4 FCPATH\index.php(67): CodeIgniter\CodeIgniter->run()
CRITICAL - 2022-11-28 10:41:03 --> Undefined constant "App\Controllers\this"
in APPPATH\Controllers\Kantor.php on line 17.
 1 SYSTEMPATH\CodeIgniter.php(927): App\Controllers\Kantor->index()
 2 SYSTEMPATH\CodeIgniter.php(482): CodeIgniter\CodeIgniter->runController(Object(App\Controllers\Kantor))
 3 SYSTEMPATH\CodeIgniter.php(351): CodeIgniter\CodeIgniter->handleRequest(null, Object(Config\Cache), false)
 4 FCPATH\index.php(67): CodeIgniter\CodeIgniter->run()
CRITICAL - 2022-11-28 10:41:04 --> Undefined constant "App\Controllers\this"
in APPPATH\Controllers\Kantor.php on line 17.
 1 SYSTEMPATH\CodeIgniter.php(927): App\Controllers\Kantor->index()
 2 SYSTEMPATH\CodeIgniter.php(482): CodeIgniter\CodeIgniter->runController(Object(App\Controllers\Kantor))
 3 SYSTEMPATH\CodeIgniter.php(351): CodeIgniter\CodeIgniter->handleRequest(null, Object(Config\Cache), false)
 4 FCPATH\index.php(67): CodeIgniter\CodeIgniter->run()
CRITICAL - 2022-11-28 10:41:04 --> Undefined constant "App\Controllers\this"
in APPPATH\Controllers\Kantor.php on line 17.
 1 SYSTEMPATH\CodeIgniter.php(927): App\Controllers\Kantor->index()
 2 SYSTEMPATH\CodeIgniter.php(482): CodeIgniter\CodeIgniter->runController(Object(App\Controllers\Kantor))
 3 SYSTEMPATH\CodeIgniter.php(351): CodeIgniter\CodeIgniter->handleRequest(null, Object(Config\Cache), false)
 4 FCPATH\index.php(67): CodeIgniter\CodeIgniter->run()
CRITICAL - 2022-11-28 10:41:05 --> Undefined constant "App\Controllers\this"
in APPPATH\Controllers\Kantor.php on line 17.
 1 SYSTEMPATH\CodeIgniter.php(927): App\Controllers\Kantor->index()
 2 SYSTEMPATH\CodeIgniter.php(482): CodeIgniter\CodeIgniter->runController(Object(App\Controllers\Kantor))
 3 SYSTEMPATH\CodeIgniter.php(351): CodeIgniter\CodeIgniter->handleRequest(null, Object(Config\Cache), false)
 4 FCPATH\index.php(67): CodeIgniter\CodeIgniter->run()
CRITICAL - 2022-11-28 10:41:05 --> Undefined constant "App\Controllers\this"
in APPPATH\Controllers\Kantor.php on line 17.
 1 SYSTEMPATH\CodeIgniter.php(927): App\Controllers\Kantor->index()
 2 SYSTEMPATH\CodeIgniter.php(482): CodeIgniter\CodeIgniter->runController(Object(App\Controllers\Kantor))
 3 SYSTEMPATH\CodeIgniter.php(351): CodeIgniter\CodeIgniter->handleRequest(null, Object(Config\Cache), false)
 4 FCPATH\index.php(67): CodeIgniter\CodeIgniter->run()
CRITICAL - 2022-11-28 10:41:05 --> Undefined constant "App\Controllers\this"
in APPPATH\Controllers\Kantor.php on line 17.
 1 SYSTEMPATH\CodeIgniter.php(927): App\Controllers\Kantor->index()
 2 SYSTEMPATH\CodeIgniter.php(482): CodeIgniter\CodeIgniter->runController(Object(App\Controllers\Kantor))
 3 SYSTEMPATH\CodeIgniter.php(351): CodeIgniter\CodeIgniter->handleRequest(null, Object(Config\Cache), false)
 4 FCPATH\index.php(67): CodeIgniter\CodeIgniter->run()
CRITICAL - 2022-11-28 10:41:17 --> Undefined constant "App\Controllers\this"
in APPPATH\Controllers\Kantor.php on line 17.
 1 SYSTEMPATH\CodeIgniter.php(927): App\Controllers\Kantor->index()
 2 SYSTEMPATH\CodeIgniter.php(482): CodeIgniter\CodeIgniter->runController(Object(App\Controllers\Kantor))
 3 SYSTEMPATH\CodeIgniter.php(351): CodeIgniter\CodeIgniter->handleRequest(null, Object(Config\Cache), false)
 4 FCPATH\index.php(67): CodeIgniter\CodeIgniter->run()
CRITICAL - 2022-11-28 10:41:37 --> Undefined property: CodeIgniter\Database\MySQLi\Builder::$get
in APPPATH\Models\M_kantor.php on line 11.
 1 APPPATH\Models\M_kantor.php(11): CodeIgniter\Debug\Exceptions->errorHandler(2, 'Undefined property: CodeIgniter\\Database\\MySQLi\\Builder::$get', 'APPPATH\\Models\\M_kantor.php', 11)
 2 APPPATH\Controllers\Kantor.php(17): App\Models\M_kantor->get_all_data()
 3 SYSTEMPATH\CodeIgniter.php(927): App\Controllers\Kantor->index()
 4 SYSTEMPATH\CodeIgniter.php(482): CodeIgniter\CodeIgniter->runController(Object(App\Controllers\Kantor))
 5 SYSTEMPATH\CodeIgniter.php(351): CodeIgniter\CodeIgniter->handleRequest(null, Object(Config\Cache), false)
 6 FCPATH\index.php(67): CodeIgniter\CodeIgniter->run()
CRITICAL - 2022-11-28 10:47:57 --> Attempt to assign property "" on null
in APPPATH\Views\v_Kantor.php on line 21.
 1 SYSTEMPATH\View\View.php(213): include()
 2 SYSTEMPATH\View\View.php(216): CodeIgniter\View\View->CodeIgniter\View\{closure}()
 3 SYSTEMPATH\Common.php(1134): CodeIgniter\View\View->render('v_Kantor', [], true)
 4 APPPATH\Views\layout\v_konten.php(3): view('v_Kantor')
 5 SYSTEMPATH\View\View.php(213): include('APPPATH\\Views\\layout\\v_konten.php')
 6 SYSTEMPATH\View\View.php(216): CodeIgniter\View\View->CodeIgniter\View\{closure}()
 7 SYSTEMPATH\Common.php(1134): CodeIgniter\View\View->render('layout/v_konten', [], true)
 8 APPPATH\Views\layout\v_template.php(5): view('layout/v_konten')
 9 SYSTEMPATH\View\View.php(213): include('APPPATH\\Views\\layout\\v_template.php')
10 SYSTEMPATH\View\View.php(216): CodeIgniter\View\View->CodeIgniter\View\{closure}()
11 SYSTEMPATH\Common.php(1134): CodeIgniter\View\View->render('layout/v_template', [], true)
12 APPPATH\Controllers\Kantor.php(21): view('layout/v_template', [...])
13 SYSTEMPATH\CodeIgniter.php(927): App\Controllers\Kantor->index()
14 SYSTEMPATH\CodeIgniter.php(482): CodeIgniter\CodeIgniter->runController(Object(App\Controllers\Kantor))
15 SYSTEMPATH\CodeIgniter.php(351): CodeIgniter\CodeIgniter->handleRequest(null, Object(Config\Cache), false)
16 FCPATH\index.php(67): CodeIgniter\CodeIgniter->run()
CRITICAL - 2022-11-28 10:50:48 --> Undefined variable $Kantor
in APPPATH\Views\v_Kantor.php on line 21.
 1 APPPATH\Views\v_Kantor.php(21): CodeIgniter\Debug\Exceptions->errorHandler(2, 'Undefined variable $Kantor', 'APPPATH\\Views\\v_Kantor.php', 21)
 2 SYSTEMPATH\View\View.php(213): include('APPPATH\\Views\\v_Kantor.php')
 3 SYSTEMPATH\View\View.php(216): CodeIgniter\View\View->CodeIgniter\View\{closure}()
 4 SYSTEMPATH\Common.php(1134): CodeIgniter\View\View->render('v_Kantor', [], true)
 5 APPPATH\Views\layout\v_konten.php(3): view('v_Kantor')
 6 SYSTEMPATH\View\View.php(213): include('APPPATH\\Views\\layout\\v_konten.php')
 7 SYSTEMPATH\View\View.php(216): CodeIgniter\View\View->CodeIgniter\View\{closure}()
 8 SYSTEMPATH\Common.php(1134): CodeIgniter\View\View->render('layout/v_konten', [], true)
 9 APPPATH\Views\layout\v_template.php(5): view('layout/v_konten')
10 SYSTEMPATH\View\View.php(213): include('APPPATH\\Views\\layout\\v_template.php')
11 SYSTEMPATH\View\View.php(216): CodeIgniter\View\View->CodeIgniter\View\{closure}()
12 SYSTEMPATH\Common.php(1134): CodeIgniter\View\View->render('layout/v_template', [], true)
13 APPPATH\Controllers\Kantor.php(21): view('layout/v_template', [...])
14 SYSTEMPATH\CodeIgniter.php(927): App\Controllers\Kantor->index()
15 SYSTEMPATH\CodeIgniter.php(482): CodeIgniter\CodeIgniter->runController(Object(App\Controllers\Kantor))
16 SYSTEMPATH\CodeIgniter.php(351): CodeIgniter\CodeIgniter->handleRequest(null, Object(Config\Cache), false)
17 FCPATH\index.php(67): CodeIgniter\CodeIgniter->run()
CRITICAL - 2022-11-28 10:52:17 --> Attempt to assign property "" on null
in APPPATH\Views\v_Kantor.php on line 21.
 1 SYSTEMPATH\View\View.php(213): include()
 2 SYSTEMPATH\View\View.php(216): CodeIgniter\View\View->CodeIgniter\View\{closure}()
 3 SYSTEMPATH\Common.php(1134): CodeIgniter\View\View->render('v_Kantor', [], true)
 4 APPPATH\Views\layout\v_konten.php(3): view('v_Kantor')
 5 SYSTEMPATH\View\View.php(213): include('APPPATH\\Views\\layout\\v_konten.php')
 6 SYSTEMPATH\View\View.php(216): CodeIgniter\View\View->CodeIgniter\View\{closure}()
 7 SYSTEMPATH\Common.php(1134): CodeIgniter\View\View->render('layout/v_konten', [], true)
 8 APPPATH\Views\layout\v_template.php(5): view('layout/v_konten')
 9 SYSTEMPATH\View\View.php(213): include('APPPATH\\Views\\layout\\v_template.php')
10 SYSTEMPATH\View\View.php(216): CodeIgniter\View\View->CodeIgniter\View\{closure}()
11 SYSTEMPATH\Common.php(1134): CodeIgniter\View\View->render('layout/v_template', [], true)
12 APPPATH\Controllers\Kantor.php(21): view('layout/v_template', [...])
13 SYSTEMPATH\CodeIgniter.php(927): App\Controllers\Kantor->index()
14 SYSTEMPATH\CodeIgniter.php(482): CodeIgniter\CodeIgniter->runController(Object(App\Controllers\Kantor))
15 SYSTEMPATH\CodeIgniter.php(351): CodeIgniter\CodeIgniter->handleRequest(null, Object(Config\Cache), false)
16 FCPATH\index.php(67): CodeIgniter\CodeIgniter->run()
CRITICAL - 2022-11-28 10:53:54 --> Attempt to assign property "" on null
in APPPATH\Views\v_Kantor.php on line 21.
 1 SYSTEMPATH\View\View.php(213): include()
 2 SYSTEMPATH\View\View.php(216): CodeIgniter\View\View->CodeIgniter\View\{closure}()
 3 SYSTEMPATH\Common.php(1134): CodeIgniter\View\View->render('v_Kantor', [], true)
 4 APPPATH\Views\layout\v_konten.php(3): view('v_Kantor')
 5 SYSTEMPATH\View\View.php(213): include('APPPATH\\Views\\layout\\v_konten.php')
 6 SYSTEMPATH\View\View.php(216): CodeIgniter\View\View->CodeIgniter\View\{closure}()
 7 SYSTEMPATH\Common.php(1134): CodeIgniter\View\View->render('layout/v_konten', [], true)
 8 APPPATH\Views\layout\v_template.php(5): view('layout/v_konten')
 9 SYSTEMPATH\View\View.php(213): include('APPPATH\\Views\\layout\\v_template.php')
10 SYSTEMPATH\View\View.php(216): CodeIgniter\View\View->CodeIgniter\View\{closure}()
11 SYSTEMPATH\Common.php(1134): CodeIgniter\View\View->render('layout/v_template', [], true)
12 APPPATH\Controllers\Kantor.php(21): view('layout/v_template', [...])
13 SYSTEMPATH\CodeIgniter.php(927): App\Controllers\Kantor->index()
14 SYSTEMPATH\CodeIgniter.php(482): CodeIgniter\CodeIgniter->runController(Object(App\Controllers\Kantor))
15 SYSTEMPATH\CodeIgniter.php(351): CodeIgniter\CodeIgniter->handleRequest(null, Object(Config\Cache), false)
16 FCPATH\index.php(67): CodeIgniter\CodeIgniter->run()
CRITICAL - 2022-11-28 11:00:34 --> Undefined variable $M_kantor
in APPPATH\Views\v_Kantor.php on line 21.
 1 APPPATH\Views\v_Kantor.php(21): CodeIgniter\Debug\Exceptions->errorHandler(2, 'Undefined variable $M_kantor', 'APPPATH\\Views\\v_Kantor.php', 21)
 2 SYSTEMPATH\View\View.php(213): include('APPPATH\\Views\\v_Kantor.php')
 3 SYSTEMPATH\View\View.php(216): CodeIgniter\View\View->CodeIgniter\View\{closure}()
 4 SYSTEMPATH\Common.php(1134): CodeIgniter\View\View->render('v_Kantor', [], true)
 5 APPPATH\Views\layout\v_konten.php(3): view('v_Kantor')
 6 SYSTEMPATH\View\View.php(213): include('APPPATH\\Views\\layout\\v_konten.php')
 7 SYSTEMPATH\View\View.php(216): CodeIgniter\View\View->CodeIgniter\View\{closure}()
 8 SYSTEMPATH\Common.php(1134): CodeIgniter\View\View->render('layout/v_konten', [], true)
 9 APPPATH\Views\layout\v_template.php(5): view('layout/v_konten')
10 SYSTEMPATH\View\View.php(213): include('APPPATH\\Views\\layout\\v_template.php')
11 SYSTEMPATH\View\View.php(216): CodeIgniter\View\View->CodeIgniter\View\{closure}()
12 SYSTEMPATH\Common.php(1134): CodeIgniter\View\View->render('layout/v_template', [], true)
13 APPPATH\Controllers\Kantor.php(21): view('layout/v_template', [...])
14 SYSTEMPATH\CodeIgniter.php(927): App\Controllers\Kantor->index()
15 SYSTEMPATH\CodeIgniter.php(482): CodeIgniter\CodeIgniter->runController(Object(App\Controllers\Kantor))
16 SYSTEMPATH\CodeIgniter.php(351): CodeIgniter\CodeIgniter->handleRequest(null, Object(Config\Cache), false)
17 FCPATH\index.php(67): CodeIgniter\CodeIgniter->run()
CRITICAL - 2022-11-28 11:00:35 --> Undefined variable $M_kantor
in APPPATH\Views\v_Kantor.php on line 21.
 1 APPPATH\Views\v_Kantor.php(21): CodeIgniter\Debug\Exceptions->errorHandler(2, 'Undefined variable $M_kantor', 'APPPATH\\Views\\v_Kantor.php', 21)
 2 SYSTEMPATH\View\View.php(213): include('APPPATH\\Views\\v_Kantor.php')
 3 SYSTEMPATH\View\View.php(216): CodeIgniter\View\View->CodeIgniter\View\{closure}()
 4 SYSTEMPATH\Common.php(1134): CodeIgniter\View\View->render('v_Kantor', [], true)
 5 APPPATH\Views\layout\v_konten.php(3): view('v_Kantor')
 6 SYSTEMPATH\View\View.php(213): include('APPPATH\\Views\\layout\\v_konten.php')
 7 SYSTEMPATH\View\View.php(216): CodeIgniter\View\View->CodeIgniter\View\{closure}()
 8 SYSTEMPATH\Common.php(1134): CodeIgniter\View\View->render('layout/v_konten', [], true)
 9 APPPATH\Views\layout\v_template.php(5): view('layout/v_konten')
10 SYSTEMPATH\View\View.php(213): include('APPPATH\\Views\\layout\\v_template.php')
11 SYSTEMPATH\View\View.php(216): CodeIgniter\View\View->CodeIgniter\View\{closure}()
12 SYSTEMPATH\Common.php(1134): CodeIgniter\View\View->render('layout/v_template', [], true)
13 APPPATH\Controllers\Kantor.php(21): view('layout/v_template', [...])
14 SYSTEMPATH\CodeIgniter.php(927): App\Controllers\Kantor->index()
15 SYSTEMPATH\CodeIgniter.php(482): CodeIgniter\CodeIgniter->runController(Object(App\Controllers\Kantor))
16 SYSTEMPATH\CodeIgniter.php(351): CodeIgniter\CodeIgniter->handleRequest(null, Object(Config\Cache), false)
17 FCPATH\index.php(67): CodeIgniter\CodeIgniter->run()
CRITICAL - 2022-11-28 11:06:39 --> Attempt to assign property "" on null
in APPPATH\Views\v_Kantor.php on line 22.
 1 SYSTEMPATH\View\View.php(213): include()
 2 SYSTEMPATH\View\View.php(216): CodeIgniter\View\View->CodeIgniter\View\{closure}()
 3 SYSTEMPATH\Common.php(1134): CodeIgniter\View\View->render('v_Kantor', [], true)
 4 APPPATH\Views\layout\v_konten.php(3): view('v_Kantor')
 5 SYSTEMPATH\View\View.php(213): include('APPPATH\\Views\\layout\\v_konten.php')
 6 SYSTEMPATH\View\View.php(216): CodeIgniter\View\View->CodeIgniter\View\{closure}()
 7 SYSTEMPATH\Common.php(1134): CodeIgniter\View\View->render('layout/v_konten', [], true)
 8 APPPATH\Views\layout\v_template.php(5): view('layout/v_konten')
 9 SYSTEMPATH\View\View.php(213): include('APPPATH\\Views\\layout\\v_template.php')
10 SYSTEMPATH\View\View.php(216): CodeIgniter\View\View->CodeIgniter\View\{closure}()
11 SYSTEMPATH\Common.php(1134): CodeIgniter\View\View->render('layout/v_template', [], true)
12 APPPATH\Controllers\Kantor.php(21): view('layout/v_template', [...])
13 SYSTEMPATH\CodeIgniter.php(927): App\Controllers\Kantor->index()
14 SYSTEMPATH\CodeIgniter.php(482): CodeIgniter\CodeIgniter->runController(Object(App\Controllers\Kantor))
15 SYSTEMPATH\CodeIgniter.php(351): CodeIgniter\CodeIgniter->handleRequest(null, Object(Config\Cache), false)
16 FCPATH\index.php(67): CodeIgniter\CodeIgniter->run()
CRITICAL - 2022-11-28 11:20:41 --> Undefined variable $data
in APPPATH\Views\v_Kantor.php on line 22.
 1 APPPATH\Views\v_Kantor.php(22): CodeIgniter\Debug\Exceptions->errorHandler(2, 'Undefined variable $data', 'APPPATH\\Views\\v_Kantor.php', 22)
 2 SYSTEMPATH\View\View.php(213): include('APPPATH\\Views\\v_Kantor.php')
 3 SYSTEMPATH\View\View.php(216): CodeIgniter\View\View->CodeIgniter\View\{closure}()
 4 SYSTEMPATH\Common.php(1134): CodeIgniter\View\View->render('v_Kantor', [], true)
 5 APPPATH\Views\layout\v_konten.php(3): view('v_Kantor')
 6 SYSTEMPATH\View\View.php(213): include('APPPATH\\Views\\layout\\v_konten.php')
 7 SYSTEMPATH\View\View.php(216): CodeIgniter\View\View->CodeIgniter\View\{closure}()
 8 SYSTEMPATH\Common.php(1134): CodeIgniter\View\View->render('layout/v_konten', [], true)
 9 APPPATH\Views\layout\v_template.php(5): view('layout/v_konten')
10 SYSTEMPATH\View\View.php(213): include('APPPATH\\Views\\layout\\v_template.php')
11 SYSTEMPATH\View\View.php(216): CodeIgniter\View\View->CodeIgniter\View\{closure}()
12 SYSTEMPATH\Common.php(1134): CodeIgniter\View\View->render('layout/v_template', [], true)
13 APPPATH\Controllers\Kantor.php(21): view('layout/v_template', [...])
14 SYSTEMPATH\CodeIgniter.php(927): App\Controllers\Kantor->index()
15 SYSTEMPATH\CodeIgniter.php(482): CodeIgniter\CodeIgniter->runController(Object(App\Controllers\Kantor))
16 SYSTEMPATH\CodeIgniter.php(351): CodeIgniter\CodeIgniter->handleRequest(null, Object(Config\Cache), false)
17 FCPATH\index.php(67): CodeIgniter\CodeIgniter->run()
CRITICAL - 2022-11-28 11:20:41 --> Undefined variable $data
in APPPATH\Views\v_Kantor.php on line 22.
 1 APPPATH\Views\v_Kantor.php(22): CodeIgniter\Debug\Exceptions->errorHandler(2, 'Undefined variable $data', 'APPPATH\\Views\\v_Kantor.php', 22)
 2 SYSTEMPATH\View\View.php(213): include('APPPATH\\Views\\v_Kantor.php')
 3 SYSTEMPATH\View\View.php(216): CodeIgniter\View\View->CodeIgniter\View\{closure}()
 4 SYSTEMPATH\Common.php(1134): CodeIgniter\View\View->render('v_Kantor', [], true)
 5 APPPATH\Views\layout\v_konten.php(3): view('v_Kantor')
 6 SYSTEMPATH\View\View.php(213): include('APPPATH\\Views\\layout\\v_konten.php')
 7 SYSTEMPATH\View\View.php(216): CodeIgniter\View\View->CodeIgniter\View\{closure}()
 8 SYSTEMPATH\Common.php(1134): CodeIgniter\View\View->render('layout/v_konten', [], true)
 9 APPPATH\Views\layout\v_template.php(5): view('layout/v_konten')
10 SYSTEMPATH\View\View.php(213): include('APPPATH\\Views\\layout\\v_template.php')
11 SYSTEMPATH\View\View.php(216): CodeIgniter\View\View->CodeIgniter\View\{closure}()
12 SYSTEMPATH\Common.php(1134): CodeIgniter\View\View->render('layout/v_template', [], true)
13 APPPATH\Controllers\Kantor.php(21): view('layout/v_template', [...])
14 SYSTEMPATH\CodeIgniter.php(927): App\Controllers\Kantor->index()
15 SYSTEMPATH\CodeIgniter.php(482): CodeIgniter\CodeIgniter->runController(Object(App\Controllers\Kantor))
16 SYSTEMPATH\CodeIgniter.php(351): CodeIgniter\CodeIgniter->handleRequest(null, Object(Config\Cache), false)
17 FCPATH\index.php(67): CodeIgniter\CodeIgniter->run()
CRITICAL - 2022-11-28 11:20:45 --> Undefined variable $data
in APPPATH\Views\v_Kantor.php on line 22.
 1 APPPATH\Views\v_Kantor.php(22): CodeIgniter\Debug\Exceptions->errorHandler(2, 'Undefined variable $data', 'APPPATH\\Views\\v_Kantor.php', 22)
 2 SYSTEMPATH\View\View.php(213): include('APPPATH\\Views\\v_Kantor.php')
 3 SYSTEMPATH\View\View.php(216): CodeIgniter\View\View->CodeIgniter\View\{closure}()
 4 SYSTEMPATH\Common.php(1134): CodeIgniter\View\View->render('v_Kantor', [], true)
 5 APPPATH\Views\layout\v_konten.php(3): view('v_Kantor')
 6 SYSTEMPATH\View\View.php(213): include('APPPATH\\Views\\layout\\v_konten.php')
 7 SYSTEMPATH\View\View.php(216): CodeIgniter\View\View->CodeIgniter\View\{closure}()
 8 SYSTEMPATH\Common.php(1134): CodeIgniter\View\View->render('layout/v_konten', [], true)
 9 APPPATH\Views\layout\v_template.php(5): view('layout/v_konten')
10 SYSTEMPATH\View\View.php(213): include('APPPATH\\Views\\layout\\v_template.php')
11 SYSTEMPATH\View\View.php(216): CodeIgniter\View\View->CodeIgniter\View\{closure}()
12 SYSTEMPATH\Common.php(1134): CodeIgniter\View\View->render('layout/v_template', [], true)
13 APPPATH\Controllers\Kantor.php(21): view('layout/v_template', [...])
14 SYSTEMPATH\CodeIgniter.php(927): App\Controllers\Kantor->index()
15 SYSTEMPATH\CodeIgniter.php(482): CodeIgniter\CodeIgniter->runController(Object(App\Controllers\Kantor))
16 SYSTEMPATH\CodeIgniter.php(351): CodeIgniter\CodeIgniter->handleRequest(null, Object(Config\Cache), false)
17 FCPATH\index.php(67): CodeIgniter\CodeIgniter->run()
CRITICAL - 2022-11-28 11:20:46 --> Undefined variable $data
in APPPATH\Views\v_Kantor.php on line 22.
 1 APPPATH\Views\v_Kantor.php(22): CodeIgniter\Debug\Exceptions->errorHandler(2, 'Undefined variable $data', 'APPPATH\\Views\\v_Kantor.php', 22)
 2 SYSTEMPATH\View\View.php(213): include('APPPATH\\Views\\v_Kantor.php')
 3 SYSTEMPATH\View\View.php(216): CodeIgniter\View\View->CodeIgniter\View\{closure}()
 4 SYSTEMPATH\Common.php(1134): CodeIgniter\View\View->render('v_Kantor', [], true)
 5 APPPATH\Views\layout\v_konten.php(3): view('v_Kantor')
 6 SYSTEMPATH\View\View.php(213): include('APPPATH\\Views\\layout\\v_konten.php')
 7 SYSTEMPATH\View\View.php(216): CodeIgniter\View\View->CodeIgniter\View\{closure}()
 8 SYSTEMPATH\Common.php(1134): CodeIgniter\View\View->render('layout/v_konten', [], true)
 9 APPPATH\Views\layout\v_template.php(5): view('layout/v_konten')
10 SYSTEMPATH\View\View.php(213): include('APPPATH\\Views\\layout\\v_template.php')
11 SYSTEMPATH\View\View.php(216): CodeIgniter\View\View->CodeIgniter\View\{closure}()
12 SYSTEMPATH\Common.php(1134): CodeIgniter\View\View->render('layout/v_template', [], true)
13 APPPATH\Controllers\Kantor.php(21): view('layout/v_template', [...])
14 SYSTEMPATH\CodeIgniter.php(927): App\Controllers\Kantor->index()
15 SYSTEMPATH\CodeIgniter.php(482): CodeIgniter\CodeIgniter->runController(Object(App\Controllers\Kantor))
16 SYSTEMPATH\CodeIgniter.php(351): CodeIgniter\CodeIgniter->handleRequest(null, Object(Config\Cache), false)
17 FCPATH\index.php(67): CodeIgniter\CodeIgniter->run()
CRITICAL - 2022-11-28 11:20:47 --> Undefined variable $data
in APPPATH\Views\v_Kantor.php on line 22.
 1 APPPATH\Views\v_Kantor.php(22): CodeIgniter\Debug\Exceptions->errorHandler(2, 'Undefined variable $data', 'APPPATH\\Views\\v_Kantor.php', 22)
 2 SYSTEMPATH\View\View.php(213): include('APPPATH\\Views\\v_Kantor.php')
 3 SYSTEMPATH\View\View.php(216): CodeIgniter\View\View->CodeIgniter\View\{closure}()
 4 SYSTEMPATH\Common.php(1134): CodeIgniter\View\View->render('v_Kantor', [], true)
 5 APPPATH\Views\layout\v_konten.php(3): view('v_Kantor')
 6 SYSTEMPATH\View\View.php(213): include('APPPATH\\Views\\layout\\v_konten.php')
 7 SYSTEMPATH\View\View.php(216): CodeIgniter\View\View->CodeIgniter\View\{closure}()
 8 SYSTEMPATH\Common.php(1134): CodeIgniter\View\View->render('layout/v_konten', [], true)
 9 APPPATH\Views\layout\v_template.php(5): view('layout/v_konten')
10 SYSTEMPATH\View\View.php(213): include('APPPATH\\Views\\layout\\v_template.php')
11 SYSTEMPATH\View\View.php(216): CodeIgniter\View\View->CodeIgniter\View\{closure}()
12 SYSTEMPATH\Common.php(1134): CodeIgniter\View\View->render('layout/v_template', [], true)
13 APPPATH\Controllers\Kantor.php(21): view('layout/v_template', [...])
14 SYSTEMPATH\CodeIgniter.php(927): App\Controllers\Kantor->index()
15 SYSTEMPATH\CodeIgniter.php(482): CodeIgniter\CodeIgniter->runController(Object(App\Controllers\Kantor))
16 SYSTEMPATH\CodeIgniter.php(351): CodeIgniter\CodeIgniter->handleRequest(null, Object(Config\Cache), false)
17 FCPATH\index.php(67): CodeIgniter\CodeIgniter->run()
CRITICAL - 2022-11-28 11:29:42 --> Trying to access array offset on value of type int
in APPPATH\Views\v_Kantor.php on line 28.
 1 APPPATH\Views\v_Kantor.php(28): CodeIgniter\Debug\Exceptions->errorHandler(2, 'Trying to access array offset on value of type int', 'APPPATH\\Views\\v_Kantor.php', 28)
 2 SYSTEMPATH\View\View.php(213): include('APPPATH\\Views\\v_Kantor.php')
 3 SYSTEMPATH\View\View.php(216): CodeIgniter\View\View->CodeIgniter\View\{closure}()
 4 SYSTEMPATH\Common.php(1134): CodeIgniter\View\View->render('v_Kantor', [], true)
 5 APPPATH\Views\layout\v_konten.php(3): view('v_Kantor')
 6 SYSTEMPATH\View\View.php(213): include('APPPATH\\Views\\layout\\v_konten.php')
 7 SYSTEMPATH\View\View.php(216): CodeIgniter\View\View->CodeIgniter\View\{closure}()
 8 SYSTEMPATH\Common.php(1134): CodeIgniter\View\View->render('layout/v_konten', [], true)
 9 APPPATH\Views\layout\v_template.php(5): view('layout/v_konten')
10 SYSTEMPATH\View\View.php(213): include('APPPATH\\Views\\layout\\v_template.php')
11 SYSTEMPATH\View\View.php(216): CodeIgniter\View\View->CodeIgniter\View\{closure}()
12 SYSTEMPATH\Common.php(1134): CodeIgniter\View\View->render('layout/v_template', [], true)
13 APPPATH\Controllers\Kantor.php(21): view('layout/v_template', [...])
14 SYSTEMPATH\CodeIgniter.php(927): App\Controllers\Kantor->index()
15 SYSTEMPATH\CodeIgniter.php(482): CodeIgniter\CodeIgniter->runController(Object(App\Controllers\Kantor))
16 SYSTEMPATH\CodeIgniter.php(351): CodeIgniter\CodeIgniter->handleRequest(null, Object(Config\Cache), false)
17 FCPATH\index.php(67): CodeIgniter\CodeIgniter->run()
CRITICAL - 2022-11-28 11:53:08 --> Call to undefined function base_ur()
in APPPATH\Views\v_Kantor.php on line 4.
 1 SYSTEMPATH\View\View.php(213): include()
 2 SYSTEMPATH\View\View.php(216): CodeIgniter\View\View->CodeIgniter\View\{closure}()
 3 SYSTEMPATH\Common.php(1134): CodeIgniter\View\View->render('v_Kantor', [], true)
 4 APPPATH\Views\layout\v_konten.php(3): view('v_Kantor')
 5 SYSTEMPATH\View\View.php(213): include('APPPATH\\Views\\layout\\v_konten.php')
 6 SYSTEMPATH\View\View.php(216): CodeIgniter\View\View->CodeIgniter\View\{closure}()
 7 SYSTEMPATH\Common.php(1134): CodeIgniter\View\View->render('layout/v_konten', [], true)
 8 APPPATH\Views\layout\v_template.php(5): view('layout/v_konten')
 9 SYSTEMPATH\View\View.php(213): include('APPPATH\\Views\\layout\\v_template.php')
10 SYSTEMPATH\View\View.php(216): CodeIgniter\View\View->CodeIgniter\View\{closure}()
11 SYSTEMPATH\Common.php(1134): CodeIgniter\View\View->render('layout/v_template', [], true)
12 APPPATH\Controllers\Kantor.php(21): view('layout/v_template', [...])
13 SYSTEMPATH\CodeIgniter.php(927): App\Controllers\Kantor->index()
14 SYSTEMPATH\CodeIgniter.php(482): CodeIgniter\CodeIgniter->runController(Object(App\Controllers\Kantor))
15 SYSTEMPATH\CodeIgniter.php(351): CodeIgniter\CodeIgniter->handleRequest(null, Object(Config\Cache), false)
16 FCPATH\index.php(67): CodeIgniter\CodeIgniter->run()
CRITICAL - 2022-11-28 11:53:28 --> Call to undefined function base_ur()
in APPPATH\Views\v_add_kantor.php on line 5.
 1 SYSTEMPATH\View\View.php(213): include()
 2 SYSTEMPATH\View\View.php(216): CodeIgniter\View\View->CodeIgniter\View\{closure}()
 3 SYSTEMPATH\Common.php(1134): CodeIgniter\View\View->render('v_add_kantor', [], true)
 4 APPPATH\Views\layout\v_konten.php(3): view('v_add_kantor')
 5 SYSTEMPATH\View\View.php(213): include('APPPATH\\Views\\layout\\v_konten.php')
 6 SYSTEMPATH\View\View.php(216): CodeIgniter\View\View->CodeIgniter\View\{closure}()
 7 SYSTEMPATH\Common.php(1134): CodeIgniter\View\View->render('layout/v_konten', [], true)
 8 APPPATH\Views\layout\v_template.php(5): view('layout/v_konten')
 9 SYSTEMPATH\View\View.php(213): include('APPPATH\\Views\\layout\\v_template.php')
10 SYSTEMPATH\View\View.php(216): CodeIgniter\View\View->CodeIgniter\View\{closure}()
11 SYSTEMPATH\Common.php(1134): CodeIgniter\View\View->render('layout/v_template', [], true)
12 APPPATH\Controllers\Kantor.php(29): view('layout/v_template', [...])
13 SYSTEMPATH\CodeIgniter.php(927): App\Controllers\Kantor->add()
14 SYSTEMPATH\CodeIgniter.php(482): CodeIgniter\CodeIgniter->runController(Object(App\Controllers\Kantor))
15 SYSTEMPATH\CodeIgniter.php(351): CodeIgniter\CodeIgniter->handleRequest(null, Object(Config\Cache), false)
16 FCPATH\index.php(67): CodeIgniter\CodeIgniter->run()
CRITICAL - 2022-11-28 11:55:58 --> Call to undefined function base_ur()
in APPPATH\Views\v_add_kantor.php on line 5.
 1 SYSTEMPATH\View\View.php(213): include()
 2 SYSTEMPATH\View\View.php(216): CodeIgniter\View\View->CodeIgniter\View\{closure}()
 3 SYSTEMPATH\Common.php(1134): CodeIgniter\View\View->render('v_add_kantor', [], true)
 4 APPPATH\Views\layout\v_konten.php(3): view('v_add_kantor')
 5 SYSTEMPATH\View\View.php(213): include('APPPATH\\Views\\layout\\v_konten.php')
 6 SYSTEMPATH\View\View.php(216): CodeIgniter\View\View->CodeIgniter\View\{closure}()
 7 SYSTEMPATH\Common.php(1134): CodeIgniter\View\View->render('layout/v_konten', [], true)
 8 APPPATH\Views\layout\v_template.php(5): view('layout/v_konten')
 9 SYSTEMPATH\View\View.php(213): include('APPPATH\\Views\\layout\\v_template.php')
10 SYSTEMPATH\View\View.php(216): CodeIgniter\View\View->CodeIgniter\View\{closure}()
11 SYSTEMPATH\Common.php(1134): CodeIgniter\View\View->render('layout/v_template', [], true)
12 APPPATH\Controllers\Kantor.php(29): view('layout/v_template', [...])
13 SYSTEMPATH\CodeIgniter.php(927): App\Controllers\Kantor->add()
14 SYSTEMPATH\CodeIgniter.php(482): CodeIgniter\CodeIgniter->runController(Object(App\Controllers\Kantor))
15 SYSTEMPATH\CodeIgniter.php(351): CodeIgniter\CodeIgniter->handleRequest(null, Object(Config\Cache), false)
16 FCPATH\index.php(67): CodeIgniter\CodeIgniter->run()
CRITICAL - 2022-11-28 11:55:59 --> Call to undefined function base_ur()
in APPPATH\Views\v_add_kantor.php on line 5.
 1 SYSTEMPATH\View\View.php(213): include()
 2 SYSTEMPATH\View\View.php(216): CodeIgniter\View\View->CodeIgniter\View\{closure}()
 3 SYSTEMPATH\Common.php(1134): CodeIgniter\View\View->render('v_add_kantor', [], true)
 4 APPPATH\Views\layout\v_konten.php(3): view('v_add_kantor')
 5 SYSTEMPATH\View\View.php(213): include('APPPATH\\Views\\layout\\v_konten.php')
 6 SYSTEMPATH\View\View.php(216): CodeIgniter\View\View->CodeIgniter\View\{closure}()
 7 SYSTEMPATH\Common.php(1134): CodeIgniter\View\View->render('layout/v_konten', [], true)
 8 APPPATH\Views\layout\v_template.php(5): view('layout/v_konten')
 9 SYSTEMPATH\View\View.php(213): include('APPPATH\\Views\\layout\\v_template.php')
10 SYSTEMPATH\View\View.php(216): CodeIgniter\View\View->CodeIgniter\View\{closure}()
11 SYSTEMPATH\Common.php(1134): CodeIgniter\View\View->render('layout/v_template', [], true)
12 APPPATH\Controllers\Kantor.php(29): view('layout/v_template', [...])
13 SYSTEMPATH\CodeIgniter.php(927): App\Controllers\Kantor->add()
14 SYSTEMPATH\CodeIgniter.php(482): CodeIgniter\CodeIgniter->runController(Object(App\Controllers\Kantor))
15 SYSTEMPATH\CodeIgniter.php(351): CodeIgniter\CodeIgniter->handleRequest(null, Object(Config\Cache), false)
16 FCPATH\index.php(67): CodeIgniter\CodeIgniter->run()
CRITICAL - 2022-11-28 11:55:59 --> Call to undefined function base_ur()
in APPPATH\Views\v_add_kantor.php on line 5.
 1 SYSTEMPATH\View\View.php(213): include()
 2 SYSTEMPATH\View\View.php(216): CodeIgniter\View\View->CodeIgniter\View\{closure}()
 3 SYSTEMPATH\Common.php(1134): CodeIgniter\View\View->render('v_add_kantor', [], true)
 4 APPPATH\Views\layout\v_konten.php(3): view('v_add_kantor')
 5 SYSTEMPATH\View\View.php(213): include('APPPATH\\Views\\layout\\v_konten.php')
 6 SYSTEMPATH\View\View.php(216): CodeIgniter\View\View->CodeIgniter\View\{closure}()
 7 SYSTEMPATH\Common.php(1134): CodeIgniter\View\View->render('layout/v_konten', [], true)
 8 APPPATH\Views\layout\v_template.php(5): view('layout/v_konten')
 9 SYSTEMPATH\View\View.php(213): include('APPPATH\\Views\\layout\\v_template.php')
10 SYSTEMPATH\View\View.php(216): CodeIgniter\View\View->CodeIgniter\View\{closure}()
11 SYSTEMPATH\Common.php(1134): CodeIgniter\View\View->render('layout/v_template', [], true)
12 APPPATH\Controllers\Kantor.php(29): view('layout/v_template', [...])
13 SYSTEMPATH\CodeIgniter.php(927): App\Controllers\Kantor->add()
14 SYSTEMPATH\CodeIgniter.php(482): CodeIgniter\CodeIgniter->runController(Object(App\Controllers\Kantor))
15 SYSTEMPATH\CodeIgniter.php(351): CodeIgniter\CodeIgniter->handleRequest(null, Object(Config\Cache), false)
16 FCPATH\index.php(67): CodeIgniter\CodeIgniter->run()
CRITICAL - 2022-11-28 11:56:29 --> Call to undefined function base_ur()
in APPPATH\Views\v_add_kantor.php on line 5.
 1 SYSTEMPATH\View\View.php(213): include()
 2 SYSTEMPATH\View\View.php(216): CodeIgniter\View\View->CodeIgniter\View\{closure}()
 3 SYSTEMPATH\Common.php(1134): CodeIgniter\View\View->render('v_add_kantor', [], true)
 4 APPPATH\Views\layout\v_konten.php(3): view('v_add_kantor')
 5 SYSTEMPATH\View\View.php(213): include('APPPATH\\Views\\layout\\v_konten.php')
 6 SYSTEMPATH\View\View.php(216): CodeIgniter\View\View->CodeIgniter\View\{closure}()
 7 SYSTEMPATH\Common.php(1134): CodeIgniter\View\View->render('layout/v_konten', [], true)
 8 APPPATH\Views\layout\v_template.php(5): view('layout/v_konten')
 9 SYSTEMPATH\View\View.php(213): include('APPPATH\\Views\\layout\\v_template.php')
10 SYSTEMPATH\View\View.php(216): CodeIgniter\View\View->CodeIgniter\View\{closure}()
11 SYSTEMPATH\Common.php(1134): CodeIgniter\View\View->render('layout/v_template', [], true)
12 APPPATH\Controllers\Kantor.php(29): view('layout/v_template', [...])
13 SYSTEMPATH\CodeIgniter.php(927): App\Controllers\Kantor->add()
14 SYSTEMPATH\CodeIgniter.php(482): CodeIgniter\CodeIgniter->runController(Object(App\Controllers\Kantor))
15 SYSTEMPATH\CodeIgniter.php(351): CodeIgniter\CodeIgniter->handleRequest(null, Object(Config\Cache), false)
16 FCPATH\index.php(67): CodeIgniter\CodeIgniter->run()
CRITICAL - 2022-11-28 11:56:29 --> Call to undefined function base_ur()
in APPPATH\Views\v_add_kantor.php on line 5.
 1 SYSTEMPATH\View\View.php(213): include()
 2 SYSTEMPATH\View\View.php(216): CodeIgniter\View\View->CodeIgniter\View\{closure}()
 3 SYSTEMPATH\Common.php(1134): CodeIgniter\View\View->render('v_add_kantor', [], true)
 4 APPPATH\Views\layout\v_konten.php(3): view('v_add_kantor')
 5 SYSTEMPATH\View\View.php(213): include('APPPATH\\Views\\layout\\v_konten.php')
 6 SYSTEMPATH\View\View.php(216): CodeIgniter\View\View->CodeIgniter\View\{closure}()
 7 SYSTEMPATH\Common.php(1134): CodeIgniter\View\View->render('layout/v_konten', [], true)
 8 APPPATH\Views\layout\v_template.php(5): view('layout/v_konten')
 9 SYSTEMPATH\View\View.php(213): include('APPPATH\\Views\\layout\\v_template.php')
10 SYSTEMPATH\View\View.php(216): CodeIgniter\View\View->CodeIgniter\View\{closure}()
11 SYSTEMPATH\Common.php(1134): CodeIgniter\View\View->render('layout/v_template', [], true)
12 APPPATH\Controllers\Kantor.php(29): view('layout/v_template', [...])
13 SYSTEMPATH\CodeIgniter.php(927): App\Controllers\Kantor->add()
14 SYSTEMPATH\CodeIgniter.php(482): CodeIgniter\CodeIgniter->runController(Object(App\Controllers\Kantor))
15 SYSTEMPATH\CodeIgniter.php(351): CodeIgniter\CodeIgniter->handleRequest(null, Object(Config\Cache), false)
16 FCPATH\index.php(67): CodeIgniter\CodeIgniter->run()
CRITICAL - 2022-11-28 11:56:29 --> Call to undefined function base_ur()
in APPPATH\Views\v_add_kantor.php on line 5.
 1 SYSTEMPATH\View\View.php(213): include()
 2 SYSTEMPATH\View\View.php(216): CodeIgniter\View\View->CodeIgniter\View\{closure}()
 3 SYSTEMPATH\Common.php(1134): CodeIgniter\View\View->render('v_add_kantor', [], true)
 4 APPPATH\Views\layout\v_konten.php(3): view('v_add_kantor')
 5 SYSTEMPATH\View\View.php(213): include('APPPATH\\Views\\layout\\v_konten.php')
 6 SYSTEMPATH\View\View.php(216): CodeIgniter\View\View->CodeIgniter\View\{closure}()
 7 SYSTEMPATH\Common.php(1134): CodeIgniter\View\View->render('layout/v_konten', [], true)
 8 APPPATH\Views\layout\v_template.php(5): view('layout/v_konten')
 9 SYSTEMPATH\View\View.php(213): include('APPPATH\\Views\\layout\\v_template.php')
10 SYSTEMPATH\View\View.php(216): CodeIgniter\View\View->CodeIgniter\View\{closure}()
11 SYSTEMPATH\Common.php(1134): CodeIgniter\View\View->render('layout/v_template', [], true)
12 APPPATH\Controllers\Kantor.php(29): view('layout/v_template', [...])
13 SYSTEMPATH\CodeIgniter.php(927): App\Controllers\Kantor->add()
14 SYSTEMPATH\CodeIgniter.php(482): CodeIgniter\CodeIgniter->runController(Object(App\Controllers\Kantor))
15 SYSTEMPATH\CodeIgniter.php(351): CodeIgniter\CodeIgniter->handleRequest(null, Object(Config\Cache), false)
16 FCPATH\index.php(67): CodeIgniter\CodeIgniter->run()
CRITICAL - 2022-11-28 22:57:01 --> syntax error, unexpected token "[", expecting identifier or variable or "{" or "$"
in APPPATH\Controllers\Kantor.php on line 35.
 1 SYSTEMPATH\Router\Router.php(499): CodeIgniter\Router\AutoRouter->getRoute('/Kantor')
 2 SYSTEMPATH\Router\Router.php(205): CodeIgniter\Router\Router->autoRoute('/Kantor')
 3 SYSTEMPATH\CodeIgniter.php(802): CodeIgniter\Router\Router->handle('/Kantor')
 4 SYSTEMPATH\CodeIgniter.php(430): CodeIgniter\CodeIgniter->tryToRouteIt(Object(CodeIgniter\Router\RouteCollection))
 5 SYSTEMPATH\CodeIgniter.php(351): CodeIgniter\CodeIgniter->handleRequest(null, Object(Config\Cache), false)
 6 FCPATH\index.php(67): CodeIgniter\CodeIgniter->run()
CRITICAL - 2022-11-28 22:57:08 --> syntax error, unexpected token "[", expecting identifier or variable or "{" or "$"
in APPPATH\Controllers\Kantor.php on line 35.
 1 SYSTEMPATH\Router\Router.php(499): CodeIgniter\Router\AutoRouter->getRoute('/Kantor')
 2 SYSTEMPATH\Router\Router.php(205): CodeIgniter\Router\Router->autoRoute('/Kantor')
 3 SYSTEMPATH\CodeIgniter.php(802): CodeIgniter\Router\Router->handle('/Kantor')
 4 SYSTEMPATH\CodeIgniter.php(430): CodeIgniter\CodeIgniter->tryToRouteIt(Object(CodeIgniter\Router\RouteCollection))
 5 SYSTEMPATH\CodeIgniter.php(351): CodeIgniter\CodeIgniter->handleRequest(null, Object(Config\Cache), false)
 6 FCPATH\index.php(67): CodeIgniter\CodeIgniter->run()
