CRITICAL - 2022-11-29 01:33:16 --> Nama Kantor is not a valid rule.
in SYSTEMPATH\Validation\Validation.php on line 323.
 1 SYSTEMPATH\Validation\Validation.php(323): CodeIgniter\Validation\Exceptions\ValidationException::forRuleNotFound('Nama Kantor')
 2 SYSTEMPATH\Validation\Validation.php(175): CodeIgniter\Validation\Validation->processRules('nama_kantor', 'nama_kantor', 'D:\\xampp\\htdocs\\giskantor', [...], [...])
 3 SYSTEMPATH\Controller.php(140): CodeIgniter\Validation\Validation->run()
 4 APPPATH\Controllers\Kantor.php(37): CodeIgniter\Controller->validate([...])
 5 SYSTEMPATH\CodeIgniter.php(927): App\Controllers\Kantor->save()
 6 SYSTEMPATH\CodeIgniter.php(482): CodeIgniter\CodeIgniter->runController(Object(App\Controllers\Kantor))
 7 SYSTEMPATH\CodeIgniter.php(351): CodeIgniter\CodeIgniter->handleRequest(null, Object(Config\Cache), false)
 8 FCPATH\index.php(67): CodeIgniter\CodeIgniter->run()
CRITICAL - 2022-11-29 01:49:14 --> Nama Kantor is not a valid rule.
in SYSTEMPATH\Validation\Validation.php on line 323.
 1 SYSTEMPATH\Validation\Validation.php(323): CodeIgniter\Validation\Exceptions\ValidationException::forRuleNotFound('Nama Kantor')
 2 SYSTEMPATH\Validation\Validation.php(175): CodeIgniter\Validation\Validation->processRules('nama_kantor', 'nama_kantor', 'D:\\xampp\\htdocs\\giskantor', [...], [...])
 3 SYSTEMPATH\Controller.php(140): CodeIgniter\Validation\Validation->run()
 4 APPPATH\Controllers\Kantor.php(37): CodeIgniter\Controller->validate([...])
 5 SYSTEMPATH\CodeIgniter.php(927): App\Controllers\Kantor->save()
 6 SYSTEMPATH\CodeIgniter.php(482): CodeIgniter\CodeIgniter->runController(Object(App\Controllers\Kantor))
 7 SYSTEMPATH\CodeIgniter.php(351): CodeIgniter\CodeIgniter->handleRequest(null, Object(Config\Cache), false)
 8 FCPATH\index.php(67): CodeIgniter\CodeIgniter->run()
CRITICAL - 2022-11-29 01:49:20 --> Nama Kantor is not a valid rule.
in SYSTEMPATH\Validation\Validation.php on line 323.
 1 SYSTEMPATH\Validation\Validation.php(323): CodeIgniter\Validation\Exceptions\ValidationException::forRuleNotFound('Nama Kantor')
 2 SYSTEMPATH\Validation\Validation.php(175): CodeIgniter\Validation\Validation->processRules('nama_kantor', 'nama_kantor', 'D:\\xampp\\htdocs\\giskantor', [...], [...])
 3 SYSTEMPATH\Controller.php(140): CodeIgniter\Validation\Validation->run()
 4 APPPATH\Controllers\Kantor.php(37): CodeIgniter\Controller->validate([...])
 5 SYSTEMPATH\CodeIgniter.php(927): App\Controllers\Kantor->save()
 6 SYSTEMPATH\CodeIgniter.php(482): CodeIgniter\CodeIgniter->runController(Object(App\Controllers\Kantor))
 7 SYSTEMPATH\CodeIgniter.php(351): CodeIgniter\CodeIgniter->handleRequest(null, Object(Config\Cache), false)
 8 FCPATH\index.php(67): CodeIgniter\CodeIgniter->run()
CRITICAL - 2022-11-29 01:52:15 --> Nama Kantor is not a valid rule.
in SYSTEMPATH\Validation\Validation.php on line 323.
 1 SYSTEMPATH\Validation\Validation.php(323): CodeIgniter\Validation\Exceptions\ValidationException::forRuleNotFound('Nama Kantor')
 2 SYSTEMPATH\Validation\Validation.php(175): CodeIgniter\Validation\Validation->processRules('nama_kantor', 'nama_kantor', 'D:\\xampp\\htdocs\\giskantor', [...], [...])
 3 SYSTEMPATH\Controller.php(140): CodeIgniter\Validation\Validation->run()
 4 APPPATH\Controllers\Kantor.php(37): CodeIgniter\Controller->validate([...])
 5 SYSTEMPATH\CodeIgniter.php(927): App\Controllers\Kantor->save()
 6 SYSTEMPATH\CodeIgniter.php(482): CodeIgniter\CodeIgniter->runController(Object(App\Controllers\Kantor))
 7 SYSTEMPATH\CodeIgniter.php(351): CodeIgniter\CodeIgniter->handleRequest(null, Object(Config\Cache), false)
 8 FCPATH\index.php(67): CodeIgniter\CodeIgniter->run()
CRITICAL - 2022-11-29 02:08:23 --> Attempt to assign property "" on null
in APPPATH\Views\v_add_kantor.php on line 27.
 1 SYSTEMPATH\View\View.php(213): include()
 2 SYSTEMPATH\View\View.php(216): CodeIgniter\View\View->CodeIgniter\View\{closure}()
 3 SYSTEMPATH\Common.php(1134): CodeIgniter\View\View->render('v_add_kantor', [], true)
 4 APPPATH\Views\layout\v_konten.php(3): view('v_add_kantor')
 5 SYSTEMPATH\View\View.php(213): include('APPPATH\\Views\\layout\\v_konten.php')
 6 SYSTEMPATH\View\View.php(216): CodeIgniter\View\View->CodeIgniter\View\{closure}()
 7 SYSTEMPATH\Common.php(1134): CodeIgniter\View\View->render('layout/v_konten', [], true)
 8 APPPATH\Views\layout\v_template.php(5): view('layout/v_konten')
 9 SYSTEMPATH\View\View.php(213): include('APPPATH\\Views\\layout\\v_template.php')
10 SYSTEMPATH\View\View.php(216): CodeIgniter\View\View->CodeIgniter\View\{closure}()
11 SYSTEMPATH\Common.php(1134): CodeIgniter\View\View->render('layout/v_template', [], true)
12 APPPATH\Controllers\Kantor.php(30): view('layout/v_template', [...])
13 SYSTEMPATH\CodeIgniter.php(927): App\Controllers\Kantor->add()
14 SYSTEMPATH\CodeIgniter.php(482): CodeIgniter\CodeIgniter->runController(Object(App\Controllers\Kantor))
15 SYSTEMPATH\CodeIgniter.php(351): CodeIgniter\CodeIgniter->handleRequest(null, Object(Config\Cache), false)
16 FCPATH\index.php(67): CodeIgniter\CodeIgniter->run()
CRITICAL - 2022-11-29 06:31:51 --> The original file is not a valid file.
in SYSTEMPATH\HTTP\Files\UploadedFile.php on line 137.
 1 SYSTEMPATH\HTTP\Files\UploadedFile.php(137): CodeIgniter\HTTP\Exceptions\HTTPException::forInvalidFile()
 2 APPPATH\Controllers\Kantor.php(189): CodeIgniter\HTTP\Files\UploadedFile->move('FCPATH\\foto', '1669725110_2b2412f021ed66736180')
 3 SYSTEMPATH\CodeIgniter.php(927): App\Controllers\Kantor->update('6')
 4 SYSTEMPATH\CodeIgniter.php(482): CodeIgniter\CodeIgniter->runController(Object(App\Controllers\Kantor))
 5 SYSTEMPATH\CodeIgniter.php(351): CodeIgniter\CodeIgniter->handleRequest(null, Object(Config\Cache), false)
 6 FCPATH\index.php(67): CodeIgniter\CodeIgniter->run()
CRITICAL - 2022-11-29 06:32:28 --> The original file is not a valid file.
in SYSTEMPATH\HTTP\Files\UploadedFile.php on line 137.
 1 SYSTEMPATH\HTTP\Files\UploadedFile.php(137): CodeIgniter\HTTP\Exceptions\HTTPException::forInvalidFile()
 2 APPPATH\Controllers\Kantor.php(189): CodeIgniter\HTTP\Files\UploadedFile->move('FCPATH\\foto', '1669725148_5019bb5392a4714b471b')
 3 SYSTEMPATH\CodeIgniter.php(927): App\Controllers\Kantor->update('6')
 4 SYSTEMPATH\CodeIgniter.php(482): CodeIgniter\CodeIgniter->runController(Object(App\Controllers\Kantor))
 5 SYSTEMPATH\CodeIgniter.php(351): CodeIgniter\CodeIgniter->handleRequest(null, Object(Config\Cache), false)
 6 FCPATH\index.php(67): CodeIgniter\CodeIgniter->run()
CRITICAL - 2022-11-29 06:34:55 --> The original file is not a valid file.
in SYSTEMPATH\HTTP\Files\UploadedFile.php on line 137.
 1 SYSTEMPATH\HTTP\Files\UploadedFile.php(137): CodeIgniter\HTTP\Exceptions\HTTPException::forInvalidFile()
 2 APPPATH\Controllers\Kantor.php(189): CodeIgniter\HTTP\Files\UploadedFile->move('FCPATH\\foto', '1669725295_d899f550bdfb1abb05fc')
 3 SYSTEMPATH\CodeIgniter.php(927): App\Controllers\Kantor->update('6')
 4 SYSTEMPATH\CodeIgniter.php(482): CodeIgniter\CodeIgniter->runController(Object(App\Controllers\Kantor))
 5 SYSTEMPATH\CodeIgniter.php(351): CodeIgniter\CodeIgniter->handleRequest(null, Object(Config\Cache), false)
 6 FCPATH\index.php(67): CodeIgniter\CodeIgniter->run()
CRITICAL - 2022-11-29 06:36:00 --> The original file is not a valid file.
in SYSTEMPATH\HTTP\Files\UploadedFile.php on line 137.
 1 SYSTEMPATH\HTTP\Files\UploadedFile.php(137): CodeIgniter\HTTP\Exceptions\HTTPException::forInvalidFile()
 2 APPPATH\Controllers\Kantor.php(189): CodeIgniter\HTTP\Files\UploadedFile->move('FCPATH\\foto', '1669725360_d45814827eda3e22c35e')
 3 SYSTEMPATH\CodeIgniter.php(927): App\Controllers\Kantor->update('6')
 4 SYSTEMPATH\CodeIgniter.php(482): CodeIgniter\CodeIgniter->runController(Object(App\Controllers\Kantor))
 5 SYSTEMPATH\CodeIgniter.php(351): CodeIgniter\CodeIgniter->handleRequest(null, Object(Config\Cache), false)
 6 FCPATH\index.php(67): CodeIgniter\CodeIgniter->run()
CRITICAL - 2022-11-29 06:37:14 --> The original file is not a valid file.
in SYSTEMPATH\HTTP\Files\UploadedFile.php on line 137.
 1 SYSTEMPATH\HTTP\Files\UploadedFile.php(137): CodeIgniter\HTTP\Exceptions\HTTPException::forInvalidFile()
 2 APPPATH\Controllers\Kantor.php(189): CodeIgniter\HTTP\Files\UploadedFile->move('FCPATH\\foto', '1669725434_131d9bf309583f66a78e')
 3 SYSTEMPATH\CodeIgniter.php(927): App\Controllers\Kantor->update('6')
 4 SYSTEMPATH\CodeIgniter.php(482): CodeIgniter\CodeIgniter->runController(Object(App\Controllers\Kantor))
 5 SYSTEMPATH\CodeIgniter.php(351): CodeIgniter\CodeIgniter->handleRequest(null, Object(Config\Cache), false)
 6 FCPATH\index.php(67): CodeIgniter\CodeIgniter->run()
CRITICAL - 2022-11-29 06:37:18 --> The original file is not a valid file.
in SYSTEMPATH\HTTP\Files\UploadedFile.php on line 137.
 1 SYSTEMPATH\HTTP\Files\UploadedFile.php(137): CodeIgniter\HTTP\Exceptions\HTTPException::forInvalidFile()
 2 APPPATH\Controllers\Kantor.php(189): CodeIgniter\HTTP\Files\UploadedFile->move('FCPATH\\foto', '1669725438_f92b1da2fc67bb687ace')
 3 SYSTEMPATH\CodeIgniter.php(927): App\Controllers\Kantor->update('6')
 4 SYSTEMPATH\CodeIgniter.php(482): CodeIgniter\CodeIgniter->runController(Object(App\Controllers\Kantor))
 5 SYSTEMPATH\CodeIgniter.php(351): CodeIgniter\CodeIgniter->handleRequest(null, Object(Config\Cache), false)
 6 FCPATH\index.php(67): CodeIgniter\CodeIgniter->run()
CRITICAL - 2022-11-29 06:39:14 --> The original file is not a valid file.
in SYSTEMPATH\HTTP\Files\UploadedFile.php on line 137.
 1 SYSTEMPATH\HTTP\Files\UploadedFile.php(137): CodeIgniter\HTTP\Exceptions\HTTPException::forInvalidFile()
 2 APPPATH\Controllers\Kantor.php(189): CodeIgniter\HTTP\Files\UploadedFile->move('FCPATH\\foto', '1669725554_19ef31ff618d3029921d')
 3 SYSTEMPATH\CodeIgniter.php(927): App\Controllers\Kantor->update('6')
 4 SYSTEMPATH\CodeIgniter.php(482): CodeIgniter\CodeIgniter->runController(Object(App\Controllers\Kantor))
 5 SYSTEMPATH\CodeIgniter.php(351): CodeIgniter\CodeIgniter->handleRequest(null, Object(Config\Cache), false)
 6 FCPATH\index.php(67): CodeIgniter\CodeIgniter->run()
CRITICAL - 2022-11-29 06:40:53 --> The original file is not a valid file.
in SYSTEMPATH\HTTP\Files\UploadedFile.php on line 137.
 1 SYSTEMPATH\HTTP\Files\UploadedFile.php(137): CodeIgniter\HTTP\Exceptions\HTTPException::forInvalidFile()
 2 APPPATH\Controllers\Kantor.php(188): CodeIgniter\HTTP\Files\UploadedFile->move('FCPATH\\foto', '1669725653_c5eff5e97d8c5452a9ba')
 3 SYSTEMPATH\CodeIgniter.php(927): App\Controllers\Kantor->update('6')
 4 SYSTEMPATH\CodeIgniter.php(482): CodeIgniter\CodeIgniter->runController(Object(App\Controllers\Kantor))
 5 SYSTEMPATH\CodeIgniter.php(351): CodeIgniter\CodeIgniter->handleRequest(null, Object(Config\Cache), false)
 6 FCPATH\index.php(67): CodeIgniter\CodeIgniter->run()
CRITICAL - 2022-11-29 06:40:56 --> The original file is not a valid file.
in SYSTEMPATH\HTTP\Files\UploadedFile.php on line 137.
 1 SYSTEMPATH\HTTP\Files\UploadedFile.php(137): CodeIgniter\HTTP\Exceptions\HTTPException::forInvalidFile()
 2 APPPATH\Controllers\Kantor.php(188): CodeIgniter\HTTP\Files\UploadedFile->move('FCPATH\\foto', '1669725656_9f6b8c669e214eeba486')
 3 SYSTEMPATH\CodeIgniter.php(927): App\Controllers\Kantor->update('6')
 4 SYSTEMPATH\CodeIgniter.php(482): CodeIgniter\CodeIgniter->runController(Object(App\Controllers\Kantor))
 5 SYSTEMPATH\CodeIgniter.php(351): CodeIgniter\CodeIgniter->handleRequest(null, Object(Config\Cache), false)
 6 FCPATH\index.php(67): CodeIgniter\CodeIgniter->run()
CRITICAL - 2022-11-29 06:42:06 --> The original file is not a valid file.
in SYSTEMPATH\HTTP\Files\UploadedFile.php on line 137.
 1 SYSTEMPATH\HTTP\Files\UploadedFile.php(137): CodeIgniter\HTTP\Exceptions\HTTPException::forInvalidFile()
 2 APPPATH\Controllers\Kantor.php(188): CodeIgniter\HTTP\Files\UploadedFile->move('FCPATH\\foto', '1669725726_a2baf12ae05a313a57ad')
 3 SYSTEMPATH\CodeIgniter.php(927): App\Controllers\Kantor->update('6')
 4 SYSTEMPATH\CodeIgniter.php(482): CodeIgniter\CodeIgniter->runController(Object(App\Controllers\Kantor))
 5 SYSTEMPATH\CodeIgniter.php(351): CodeIgniter\CodeIgniter->handleRequest(null, Object(Config\Cache), false)
 6 FCPATH\index.php(67): CodeIgniter\CodeIgniter->run()
CRITICAL - 2022-11-29 06:45:01 --> Undefined array key " lat "
in APPPATH\Views\v_edit_kantor.php on line 92.
 1 APPPATH\Views\v_edit_kantor.php(92): CodeIgniter\Debug\Exceptions->errorHandler(2, 'Undefined array key " lat "', 'APPPATH\\Views\\v_edit_kantor.php', 92)
 2 SYSTEMPATH\View\View.php(213): include('APPPATH\\Views\\v_edit_kantor.php')
 3 SYSTEMPATH\View\View.php(216): CodeIgniter\View\View->CodeIgniter\View\{closure}()
 4 SYSTEMPATH\Common.php(1134): CodeIgniter\View\View->render('v_edit_kantor', [], true)
 5 APPPATH\Views\layout\v_konten.php(3): view('v_edit_kantor')
 6 SYSTEMPATH\View\View.php(213): include('APPPATH\\Views\\layout\\v_konten.php')
 7 SYSTEMPATH\View\View.php(216): CodeIgniter\View\View->CodeIgniter\View\{closure}()
 8 SYSTEMPATH\Common.php(1134): CodeIgniter\View\View->render('layout/v_konten', [], true)
 9 APPPATH\Views\layout\v_template.php(5): view('layout/v_konten')
10 SYSTEMPATH\View\View.php(213): include('APPPATH\\Views\\layout\\v_template.php')
11 SYSTEMPATH\View\View.php(216): CodeIgniter\View\View->CodeIgniter\View\{closure}()
12 SYSTEMPATH\Common.php(1134): CodeIgniter\View\View->render('layout/v_template', [], true)
13 APPPATH\Controllers\Kantor.php(116): view('layout/v_template', [...])
14 SYSTEMPATH\CodeIgniter.php(927): App\Controllers\Kantor->edit('1')
15 SYSTEMPATH\CodeIgniter.php(482): CodeIgniter\CodeIgniter->runController(Object(App\Controllers\Kantor))
16 SYSTEMPATH\CodeIgniter.php(351): CodeIgniter\CodeIgniter->handleRequest(null, Object(Config\Cache), false)
17 FCPATH\index.php(67): CodeIgniter\CodeIgniter->run()
CRITICAL - 2022-11-29 06:46:29 --> Undefined array key " lat "
in APPPATH\Views\v_edit_kantor.php on line 92.
 1 APPPATH\Views\v_edit_kantor.php(92): CodeIgniter\Debug\Exceptions->errorHandler(2, 'Undefined array key " lat "', 'APPPATH\\Views\\v_edit_kantor.php', 92)
 2 SYSTEMPATH\View\View.php(213): include('APPPATH\\Views\\v_edit_kantor.php')
 3 SYSTEMPATH\View\View.php(216): CodeIgniter\View\View->CodeIgniter\View\{closure}()
 4 SYSTEMPATH\Common.php(1134): CodeIgniter\View\View->render('v_edit_kantor', [], true)
 5 APPPATH\Views\layout\v_konten.php(3): view('v_edit_kantor')
 6 SYSTEMPATH\View\View.php(213): include('APPPATH\\Views\\layout\\v_konten.php')
 7 SYSTEMPATH\View\View.php(216): CodeIgniter\View\View->CodeIgniter\View\{closure}()
 8 SYSTEMPATH\Common.php(1134): CodeIgniter\View\View->render('layout/v_konten', [], true)
 9 APPPATH\Views\layout\v_template.php(5): view('layout/v_konten')
10 SYSTEMPATH\View\View.php(213): include('APPPATH\\Views\\layout\\v_template.php')
11 SYSTEMPATH\View\View.php(216): CodeIgniter\View\View->CodeIgniter\View\{closure}()
12 SYSTEMPATH\Common.php(1134): CodeIgniter\View\View->render('layout/v_template', [], true)
13 APPPATH\Controllers\Kantor.php(116): view('layout/v_template', [...])
14 SYSTEMPATH\CodeIgniter.php(927): App\Controllers\Kantor->edit('6')
15 SYSTEMPATH\CodeIgniter.php(482): CodeIgniter\CodeIgniter->runController(Object(App\Controllers\Kantor))
16 SYSTEMPATH\CodeIgniter.php(351): CodeIgniter\CodeIgniter->handleRequest(null, Object(Config\Cache), false)
17 FCPATH\index.php(67): CodeIgniter\CodeIgniter->run()
CRITICAL - 2022-11-29 06:47:51 --> Undefined array key " lat "
in APPPATH\Views\v_edit_kantor.php on line 92.
 1 APPPATH\Views\v_edit_kantor.php(92): CodeIgniter\Debug\Exceptions->errorHandler(2, 'Undefined array key " lat "', 'APPPATH\\Views\\v_edit_kantor.php', 92)
 2 SYSTEMPATH\View\View.php(213): include('APPPATH\\Views\\v_edit_kantor.php')
 3 SYSTEMPATH\View\View.php(216): CodeIgniter\View\View->CodeIgniter\View\{closure}()
 4 SYSTEMPATH\Common.php(1134): CodeIgniter\View\View->render('v_edit_kantor', [], true)
 5 APPPATH\Views\layout\v_konten.php(3): view('v_edit_kantor')
 6 SYSTEMPATH\View\View.php(213): include('APPPATH\\Views\\layout\\v_konten.php')
 7 SYSTEMPATH\View\View.php(216): CodeIgniter\View\View->CodeIgniter\View\{closure}()
 8 SYSTEMPATH\Common.php(1134): CodeIgniter\View\View->render('layout/v_konten', [], true)
 9 APPPATH\Views\layout\v_template.php(5): view('layout/v_konten')
10 SYSTEMPATH\View\View.php(213): include('APPPATH\\Views\\layout\\v_template.php')
11 SYSTEMPATH\View\View.php(216): CodeIgniter\View\View->CodeIgniter\View\{closure}()
12 SYSTEMPATH\Common.php(1134): CodeIgniter\View\View->render('layout/v_template', [], true)
13 APPPATH\Controllers\Kantor.php(116): view('layout/v_template', [...])
14 SYSTEMPATH\CodeIgniter.php(927): App\Controllers\Kantor->edit('6')
15 SYSTEMPATH\CodeIgniter.php(482): CodeIgniter\CodeIgniter->runController(Object(App\Controllers\Kantor))
16 SYSTEMPATH\CodeIgniter.php(351): CodeIgniter\CodeIgniter->handleRequest(null, Object(Config\Cache), false)
17 FCPATH\index.php(67): CodeIgniter\CodeIgniter->run()
CRITICAL - 2022-11-29 06:47:51 --> Undefined array key " lat "
in APPPATH\Views\v_edit_kantor.php on line 92.
 1 APPPATH\Views\v_edit_kantor.php(92): CodeIgniter\Debug\Exceptions->errorHandler(2, 'Undefined array key " lat "', 'APPPATH\\Views\\v_edit_kantor.php', 92)
 2 SYSTEMPATH\View\View.php(213): include('APPPATH\\Views\\v_edit_kantor.php')
 3 SYSTEMPATH\View\View.php(216): CodeIgniter\View\View->CodeIgniter\View\{closure}()
 4 SYSTEMPATH\Common.php(1134): CodeIgniter\View\View->render('v_edit_kantor', [], true)
 5 APPPATH\Views\layout\v_konten.php(3): view('v_edit_kantor')
 6 SYSTEMPATH\View\View.php(213): include('APPPATH\\Views\\layout\\v_konten.php')
 7 SYSTEMPATH\View\View.php(216): CodeIgniter\View\View->CodeIgniter\View\{closure}()
 8 SYSTEMPATH\Common.php(1134): CodeIgniter\View\View->render('layout/v_konten', [], true)
 9 APPPATH\Views\layout\v_template.php(5): view('layout/v_konten')
10 SYSTEMPATH\View\View.php(213): include('APPPATH\\Views\\layout\\v_template.php')
11 SYSTEMPATH\View\View.php(216): CodeIgniter\View\View->CodeIgniter\View\{closure}()
12 SYSTEMPATH\Common.php(1134): CodeIgniter\View\View->render('layout/v_template', [], true)
13 APPPATH\Controllers\Kantor.php(116): view('layout/v_template', [...])
14 SYSTEMPATH\CodeIgniter.php(927): App\Controllers\Kantor->edit('6')
15 SYSTEMPATH\CodeIgniter.php(482): CodeIgniter\CodeIgniter->runController(Object(App\Controllers\Kantor))
16 SYSTEMPATH\CodeIgniter.php(351): CodeIgniter\CodeIgniter->handleRequest(null, Object(Config\Cache), false)
17 FCPATH\index.php(67): CodeIgniter\CodeIgniter->run()
CRITICAL - 2022-11-29 06:47:54 --> Undefined array key " lat "
in APPPATH\Views\v_edit_kantor.php on line 92.
 1 APPPATH\Views\v_edit_kantor.php(92): CodeIgniter\Debug\Exceptions->errorHandler(2, 'Undefined array key " lat "', 'APPPATH\\Views\\v_edit_kantor.php', 92)
 2 SYSTEMPATH\View\View.php(213): include('APPPATH\\Views\\v_edit_kantor.php')
 3 SYSTEMPATH\View\View.php(216): CodeIgniter\View\View->CodeIgniter\View\{closure}()
 4 SYSTEMPATH\Common.php(1134): CodeIgniter\View\View->render('v_edit_kantor', [], true)
 5 APPPATH\Views\layout\v_konten.php(3): view('v_edit_kantor')
 6 SYSTEMPATH\View\View.php(213): include('APPPATH\\Views\\layout\\v_konten.php')
 7 SYSTEMPATH\View\View.php(216): CodeIgniter\View\View->CodeIgniter\View\{closure}()
 8 SYSTEMPATH\Common.php(1134): CodeIgniter\View\View->render('layout/v_konten', [], true)
 9 APPPATH\Views\layout\v_template.php(5): view('layout/v_konten')
10 SYSTEMPATH\View\View.php(213): include('APPPATH\\Views\\layout\\v_template.php')
11 SYSTEMPATH\View\View.php(216): CodeIgniter\View\View->CodeIgniter\View\{closure}()
12 SYSTEMPATH\Common.php(1134): CodeIgniter\View\View->render('layout/v_template', [], true)
13 APPPATH\Controllers\Kantor.php(116): view('layout/v_template', [...])
14 SYSTEMPATH\CodeIgniter.php(927): App\Controllers\Kantor->edit('6')
15 SYSTEMPATH\CodeIgniter.php(482): CodeIgniter\CodeIgniter->runController(Object(App\Controllers\Kantor))
16 SYSTEMPATH\CodeIgniter.php(351): CodeIgniter\CodeIgniter->handleRequest(null, Object(Config\Cache), false)
17 FCPATH\index.php(67): CodeIgniter\CodeIgniter->run()
CRITICAL - 2022-11-29 06:47:57 --> Undefined array key " lat "
in APPPATH\Views\v_edit_kantor.php on line 92.
 1 APPPATH\Views\v_edit_kantor.php(92): CodeIgniter\Debug\Exceptions->errorHandler(2, 'Undefined array key " lat "', 'APPPATH\\Views\\v_edit_kantor.php', 92)
 2 SYSTEMPATH\View\View.php(213): include('APPPATH\\Views\\v_edit_kantor.php')
 3 SYSTEMPATH\View\View.php(216): CodeIgniter\View\View->CodeIgniter\View\{closure}()
 4 SYSTEMPATH\Common.php(1134): CodeIgniter\View\View->render('v_edit_kantor', [], true)
 5 APPPATH\Views\layout\v_konten.php(3): view('v_edit_kantor')
 6 SYSTEMPATH\View\View.php(213): include('APPPATH\\Views\\layout\\v_konten.php')
 7 SYSTEMPATH\View\View.php(216): CodeIgniter\View\View->CodeIgniter\View\{closure}()
 8 SYSTEMPATH\Common.php(1134): CodeIgniter\View\View->render('layout/v_konten', [], true)
 9 APPPATH\Views\layout\v_template.php(5): view('layout/v_konten')
10 SYSTEMPATH\View\View.php(213): include('APPPATH\\Views\\layout\\v_template.php')
11 SYSTEMPATH\View\View.php(216): CodeIgniter\View\View->CodeIgniter\View\{closure}()
12 SYSTEMPATH\Common.php(1134): CodeIgniter\View\View->render('layout/v_template', [], true)
13 APPPATH\Controllers\Kantor.php(116): view('layout/v_template', [...])
14 SYSTEMPATH\CodeIgniter.php(927): App\Controllers\Kantor->edit('6')
15 SYSTEMPATH\CodeIgniter.php(482): CodeIgniter\CodeIgniter->runController(Object(App\Controllers\Kantor))
16 SYSTEMPATH\CodeIgniter.php(351): CodeIgniter\CodeIgniter->handleRequest(null, Object(Config\Cache), false)
17 FCPATH\index.php(67): CodeIgniter\CodeIgniter->run()
CRITICAL - 2022-11-29 06:49:01 --> Undefined array key " lat "
in APPPATH\Views\v_edit_kantor.php on line 92.
 1 APPPATH\Views\v_edit_kantor.php(92): CodeIgniter\Debug\Exceptions->errorHandler(2, 'Undefined array key " lat "', 'APPPATH\\Views\\v_edit_kantor.php', 92)
 2 SYSTEMPATH\View\View.php(213): include('APPPATH\\Views\\v_edit_kantor.php')
 3 SYSTEMPATH\View\View.php(216): CodeIgniter\View\View->CodeIgniter\View\{closure}()
 4 SYSTEMPATH\Common.php(1134): CodeIgniter\View\View->render('v_edit_kantor', [], true)
 5 APPPATH\Views\layout\v_konten.php(3): view('v_edit_kantor')
 6 SYSTEMPATH\View\View.php(213): include('APPPATH\\Views\\layout\\v_konten.php')
 7 SYSTEMPATH\View\View.php(216): CodeIgniter\View\View->CodeIgniter\View\{closure}()
 8 SYSTEMPATH\Common.php(1134): CodeIgniter\View\View->render('layout/v_konten', [], true)
 9 APPPATH\Views\layout\v_template.php(5): view('layout/v_konten')
10 SYSTEMPATH\View\View.php(213): include('APPPATH\\Views\\layout\\v_template.php')
11 SYSTEMPATH\View\View.php(216): CodeIgniter\View\View->CodeIgniter\View\{closure}()
12 SYSTEMPATH\Common.php(1134): CodeIgniter\View\View->render('layout/v_template', [], true)
13 APPPATH\Controllers\Kantor.php(116): view('layout/v_template', [...])
14 SYSTEMPATH\CodeIgniter.php(927): App\Controllers\Kantor->edit('6')
15 SYSTEMPATH\CodeIgniter.php(482): CodeIgniter\CodeIgniter->runController(Object(App\Controllers\Kantor))
16 SYSTEMPATH\CodeIgniter.php(351): CodeIgniter\CodeIgniter->handleRequest(null, Object(Config\Cache), false)
17 FCPATH\index.php(67): CodeIgniter\CodeIgniter->run()
CRITICAL - 2022-11-29 06:49:59 --> Undefined array key " lat "
in APPPATH\Views\v_edit_kantor.php on line 92.
 1 APPPATH\Views\v_edit_kantor.php(92): CodeIgniter\Debug\Exceptions->errorHandler(2, 'Undefined array key " lat "', 'APPPATH\\Views\\v_edit_kantor.php', 92)
 2 SYSTEMPATH\View\View.php(213): include('APPPATH\\Views\\v_edit_kantor.php')
 3 SYSTEMPATH\View\View.php(216): CodeIgniter\View\View->CodeIgniter\View\{closure}()
 4 SYSTEMPATH\Common.php(1134): CodeIgniter\View\View->render('v_edit_kantor', [], true)
 5 APPPATH\Views\layout\v_konten.php(3): view('v_edit_kantor')
 6 SYSTEMPATH\View\View.php(213): include('APPPATH\\Views\\layout\\v_konten.php')
 7 SYSTEMPATH\View\View.php(216): CodeIgniter\View\View->CodeIgniter\View\{closure}()
 8 SYSTEMPATH\Common.php(1134): CodeIgniter\View\View->render('layout/v_konten', [], true)
 9 APPPATH\Views\layout\v_template.php(5): view('layout/v_konten')
10 SYSTEMPATH\View\View.php(213): include('APPPATH\\Views\\layout\\v_template.php')
11 SYSTEMPATH\View\View.php(216): CodeIgniter\View\View->CodeIgniter\View\{closure}()
12 SYSTEMPATH\Common.php(1134): CodeIgniter\View\View->render('layout/v_template', [], true)
13 APPPATH\Controllers\Kantor.php(116): view('layout/v_template', [...])
14 SYSTEMPATH\CodeIgniter.php(927): App\Controllers\Kantor->edit('6')
15 SYSTEMPATH\CodeIgniter.php(482): CodeIgniter\CodeIgniter->runController(Object(App\Controllers\Kantor))
16 SYSTEMPATH\CodeIgniter.php(351): CodeIgniter\CodeIgniter->handleRequest(null, Object(Config\Cache), false)
17 FCPATH\index.php(67): CodeIgniter\CodeIgniter->run()
CRITICAL - 2022-11-29 06:50:30 --> Undefined array key " lat "
in APPPATH\Views\v_edit_kantor.php on line 92.
 1 APPPATH\Views\v_edit_kantor.php(92): CodeIgniter\Debug\Exceptions->errorHandler(2, 'Undefined array key " lat "', 'APPPATH\\Views\\v_edit_kantor.php', 92)
 2 SYSTEMPATH\View\View.php(213): include('APPPATH\\Views\\v_edit_kantor.php')
 3 SYSTEMPATH\View\View.php(216): CodeIgniter\View\View->CodeIgniter\View\{closure}()
 4 SYSTEMPATH\Common.php(1134): CodeIgniter\View\View->render('v_edit_kantor', [], true)
 5 APPPATH\Views\layout\v_konten.php(3): view('v_edit_kantor')
 6 SYSTEMPATH\View\View.php(213): include('APPPATH\\Views\\layout\\v_konten.php')
 7 SYSTEMPATH\View\View.php(216): CodeIgniter\View\View->CodeIgniter\View\{closure}()
 8 SYSTEMPATH\Common.php(1134): CodeIgniter\View\View->render('layout/v_konten', [], true)
 9 APPPATH\Views\layout\v_template.php(5): view('layout/v_konten')
10 SYSTEMPATH\View\View.php(213): include('APPPATH\\Views\\layout\\v_template.php')
11 SYSTEMPATH\View\View.php(216): CodeIgniter\View\View->CodeIgniter\View\{closure}()
12 SYSTEMPATH\Common.php(1134): CodeIgniter\View\View->render('layout/v_template', [], true)
13 APPPATH\Controllers\Kantor.php(116): view('layout/v_template', [...])
14 SYSTEMPATH\CodeIgniter.php(927): App\Controllers\Kantor->edit('7')
15 SYSTEMPATH\CodeIgniter.php(482): CodeIgniter\CodeIgniter->runController(Object(App\Controllers\Kantor))
16 SYSTEMPATH\CodeIgniter.php(351): CodeIgniter\CodeIgniter->handleRequest(null, Object(Config\Cache), false)
17 FCPATH\index.php(67): CodeIgniter\CodeIgniter->run()
CRITICAL - 2022-11-29 06:51:53 --> The original file is not a valid file.
in SYSTEMPATH\HTTP\Files\UploadedFile.php on line 137.
 1 SYSTEMPATH\HTTP\Files\UploadedFile.php(137): CodeIgniter\HTTP\Exceptions\HTTPException::forInvalidFile()
 2 APPPATH\Controllers\Kantor.php(188): CodeIgniter\HTTP\Files\UploadedFile->move('FCPATH\\foto', '1669726313_7e9376260ca5a80a8e81')
 3 SYSTEMPATH\CodeIgniter.php(927): App\Controllers\Kantor->update('7')
 4 SYSTEMPATH\CodeIgniter.php(482): CodeIgniter\CodeIgniter->runController(Object(App\Controllers\Kantor))
 5 SYSTEMPATH\CodeIgniter.php(351): CodeIgniter\CodeIgniter->handleRequest(null, Object(Config\Cache), false)
 6 FCPATH\index.php(67): CodeIgniter\CodeIgniter->run()
CRITICAL - 2022-11-29 06:52:50 --> The original file is not a valid file.
in SYSTEMPATH\HTTP\Files\UploadedFile.php on line 137.
 1 SYSTEMPATH\HTTP\Files\UploadedFile.php(137): CodeIgniter\HTTP\Exceptions\HTTPException::forInvalidFile()
 2 APPPATH\Controllers\Kantor.php(188): CodeIgniter\HTTP\Files\UploadedFile->move('FCPATH\\foto', '1669726370_abbd7be5833c692c2187')
 3 SYSTEMPATH\CodeIgniter.php(927): App\Controllers\Kantor->update('7')
 4 SYSTEMPATH\CodeIgniter.php(482): CodeIgniter\CodeIgniter->runController(Object(App\Controllers\Kantor))
 5 SYSTEMPATH\CodeIgniter.php(351): CodeIgniter\CodeIgniter->handleRequest(null, Object(Config\Cache), false)
 6 FCPATH\index.php(67): CodeIgniter\CodeIgniter->run()
CRITICAL - 2022-11-29 06:53:20 --> The original file is not a valid file.
in SYSTEMPATH\HTTP\Files\UploadedFile.php on line 137.
 1 SYSTEMPATH\HTTP\Files\UploadedFile.php(137): CodeIgniter\HTTP\Exceptions\HTTPException::forInvalidFile()
 2 APPPATH\Controllers\Kantor.php(188): CodeIgniter\HTTP\Files\UploadedFile->move('FCPATH\\foto', '1669726400_236a7ed810cbfb1a6a9a')
 3 SYSTEMPATH\CodeIgniter.php(927): App\Controllers\Kantor->update('7')
 4 SYSTEMPATH\CodeIgniter.php(482): CodeIgniter\CodeIgniter->runController(Object(App\Controllers\Kantor))
 5 SYSTEMPATH\CodeIgniter.php(351): CodeIgniter\CodeIgniter->handleRequest(null, Object(Config\Cache), false)
 6 FCPATH\index.php(67): CodeIgniter\CodeIgniter->run()
CRITICAL - 2022-11-29 06:54:46 --> Undefined array key " lat "
in APPPATH\Views\v_edit_kantor.php on line 92.
 1 APPPATH\Views\v_edit_kantor.php(92): CodeIgniter\Debug\Exceptions->errorHandler(2, 'Undefined array key " lat "', 'APPPATH\\Views\\v_edit_kantor.php', 92)
 2 SYSTEMPATH\View\View.php(213): include('APPPATH\\Views\\v_edit_kantor.php')
 3 SYSTEMPATH\View\View.php(216): CodeIgniter\View\View->CodeIgniter\View\{closure}()
 4 SYSTEMPATH\Common.php(1134): CodeIgniter\View\View->render('v_edit_kantor', [], true)
 5 APPPATH\Views\layout\v_konten.php(3): view('v_edit_kantor')
 6 SYSTEMPATH\View\View.php(213): include('APPPATH\\Views\\layout\\v_konten.php')
 7 SYSTEMPATH\View\View.php(216): CodeIgniter\View\View->CodeIgniter\View\{closure}()
 8 SYSTEMPATH\Common.php(1134): CodeIgniter\View\View->render('layout/v_konten', [], true)
 9 APPPATH\Views\layout\v_template.php(5): view('layout/v_konten')
10 SYSTEMPATH\View\View.php(213): include('APPPATH\\Views\\layout\\v_template.php')
11 SYSTEMPATH\View\View.php(216): CodeIgniter\View\View->CodeIgniter\View\{closure}()
12 SYSTEMPATH\Common.php(1134): CodeIgniter\View\View->render('layout/v_template', [], true)
13 APPPATH\Controllers\Kantor.php(116): view('layout/v_template', [...])
14 SYSTEMPATH\CodeIgniter.php(927): App\Controllers\Kantor->edit('7')
15 SYSTEMPATH\CodeIgniter.php(482): CodeIgniter\CodeIgniter->runController(Object(App\Controllers\Kantor))
16 SYSTEMPATH\CodeIgniter.php(351): CodeIgniter\CodeIgniter->handleRequest(null, Object(Config\Cache), false)
17 FCPATH\index.php(67): CodeIgniter\CodeIgniter->run()
CRITICAL - 2022-11-29 07:16:02 --> Undefined array key " lat "
in APPPATH\Views\v_home.php on line 13.
 1 APPPATH\Views\v_home.php(13): CodeIgniter\Debug\Exceptions->errorHandler(2, 'Undefined array key " lat "', 'APPPATH\\Views\\v_home.php', 13)
 2 SYSTEMPATH\View\View.php(213): include('APPPATH\\Views\\v_home.php')
 3 SYSTEMPATH\View\View.php(216): CodeIgniter\View\View->CodeIgniter\View\{closure}()
 4 SYSTEMPATH\Common.php(1134): CodeIgniter\View\View->render('v_home', [], true)
 5 APPPATH\Views\layout\v_konten.php(3): view('v_home')
 6 SYSTEMPATH\View\View.php(213): include('APPPATH\\Views\\layout\\v_konten.php')
 7 SYSTEMPATH\View\View.php(216): CodeIgniter\View\View->CodeIgniter\View\{closure}()
 8 SYSTEMPATH\Common.php(1134): CodeIgniter\View\View->render('layout/v_konten', [], true)
 9 APPPATH\Views\layout\v_template.php(5): view('layout/v_konten')
10 SYSTEMPATH\View\View.php(213): include('APPPATH\\Views\\layout\\v_template.php')
11 SYSTEMPATH\View\View.php(216): CodeIgniter\View\View->CodeIgniter\View\{closure}()
12 SYSTEMPATH\Common.php(1134): CodeIgniter\View\View->render('layout/v_template', [], true)
13 APPPATH\Controllers\Home.php(21): view('layout/v_template', [...])
14 SYSTEMPATH\CodeIgniter.php(927): App\Controllers\Home->index()
15 SYSTEMPATH\CodeIgniter.php(482): CodeIgniter\CodeIgniter->runController(Object(App\Controllers\Home))
16 SYSTEMPATH\CodeIgniter.php(351): CodeIgniter\CodeIgniter->handleRequest(null, Object(Config\Cache), false)
17 FCPATH\index.php(67): CodeIgniter\CodeIgniter->run()
CRITICAL - 2022-11-29 07:16:03 --> Undefined array key " lat "
in APPPATH\Views\v_home.php on line 13.
 1 APPPATH\Views\v_home.php(13): CodeIgniter\Debug\Exceptions->errorHandler(2, 'Undefined array key " lat "', 'APPPATH\\Views\\v_home.php', 13)
 2 SYSTEMPATH\View\View.php(213): include('APPPATH\\Views\\v_home.php')
 3 SYSTEMPATH\View\View.php(216): CodeIgniter\View\View->CodeIgniter\View\{closure}()
 4 SYSTEMPATH\Common.php(1134): CodeIgniter\View\View->render('v_home', [], true)
 5 APPPATH\Views\layout\v_konten.php(3): view('v_home')
 6 SYSTEMPATH\View\View.php(213): include('APPPATH\\Views\\layout\\v_konten.php')
 7 SYSTEMPATH\View\View.php(216): CodeIgniter\View\View->CodeIgniter\View\{closure}()
 8 SYSTEMPATH\Common.php(1134): CodeIgniter\View\View->render('layout/v_konten', [], true)
 9 APPPATH\Views\layout\v_template.php(5): view('layout/v_konten')
10 SYSTEMPATH\View\View.php(213): include('APPPATH\\Views\\layout\\v_template.php')
11 SYSTEMPATH\View\View.php(216): CodeIgniter\View\View->CodeIgniter\View\{closure}()
12 SYSTEMPATH\Common.php(1134): CodeIgniter\View\View->render('layout/v_template', [], true)
13 APPPATH\Controllers\Home.php(21): view('layout/v_template', [...])
14 SYSTEMPATH\CodeIgniter.php(927): App\Controllers\Home->index()
15 SYSTEMPATH\CodeIgniter.php(482): CodeIgniter\CodeIgniter->runController(Object(App\Controllers\Home))
16 SYSTEMPATH\CodeIgniter.php(351): CodeIgniter\CodeIgniter->handleRequest(null, Object(Config\Cache), false)
17 FCPATH\index.php(67): CodeIgniter\CodeIgniter->run()
CRITICAL - 2022-11-29 07:16:04 --> Undefined array key " lat "
in APPPATH\Views\v_home.php on line 13.
 1 APPPATH\Views\v_home.php(13): CodeIgniter\Debug\Exceptions->errorHandler(2, 'Undefined array key " lat "', 'APPPATH\\Views\\v_home.php', 13)
 2 SYSTEMPATH\View\View.php(213): include('APPPATH\\Views\\v_home.php')
 3 SYSTEMPATH\View\View.php(216): CodeIgniter\View\View->CodeIgniter\View\{closure}()
 4 SYSTEMPATH\Common.php(1134): CodeIgniter\View\View->render('v_home', [], true)
 5 APPPATH\Views\layout\v_konten.php(3): view('v_home')
 6 SYSTEMPATH\View\View.php(213): include('APPPATH\\Views\\layout\\v_konten.php')
 7 SYSTEMPATH\View\View.php(216): CodeIgniter\View\View->CodeIgniter\View\{closure}()
 8 SYSTEMPATH\Common.php(1134): CodeIgniter\View\View->render('layout/v_konten', [], true)
 9 APPPATH\Views\layout\v_template.php(5): view('layout/v_konten')
10 SYSTEMPATH\View\View.php(213): include('APPPATH\\Views\\layout\\v_template.php')
11 SYSTEMPATH\View\View.php(216): CodeIgniter\View\View->CodeIgniter\View\{closure}()
12 SYSTEMPATH\Common.php(1134): CodeIgniter\View\View->render('layout/v_template', [], true)
13 APPPATH\Controllers\Home.php(21): view('layout/v_template', [...])
14 SYSTEMPATH\CodeIgniter.php(927): App\Controllers\Home->index()
15 SYSTEMPATH\CodeIgniter.php(482): CodeIgniter\CodeIgniter->runController(Object(App\Controllers\Home))
16 SYSTEMPATH\CodeIgniter.php(351): CodeIgniter\CodeIgniter->handleRequest(null, Object(Config\Cache), false)
17 FCPATH\index.php(67): CodeIgniter\CodeIgniter->run()
CRITICAL - 2022-11-29 07:16:04 --> Undefined array key " lat "
in APPPATH\Views\v_home.php on line 13.
 1 APPPATH\Views\v_home.php(13): CodeIgniter\Debug\Exceptions->errorHandler(2, 'Undefined array key " lat "', 'APPPATH\\Views\\v_home.php', 13)
 2 SYSTEMPATH\View\View.php(213): include('APPPATH\\Views\\v_home.php')
 3 SYSTEMPATH\View\View.php(216): CodeIgniter\View\View->CodeIgniter\View\{closure}()
 4 SYSTEMPATH\Common.php(1134): CodeIgniter\View\View->render('v_home', [], true)
 5 APPPATH\Views\layout\v_konten.php(3): view('v_home')
 6 SYSTEMPATH\View\View.php(213): include('APPPATH\\Views\\layout\\v_konten.php')
 7 SYSTEMPATH\View\View.php(216): CodeIgniter\View\View->CodeIgniter\View\{closure}()
 8 SYSTEMPATH\Common.php(1134): CodeIgniter\View\View->render('layout/v_konten', [], true)
 9 APPPATH\Views\layout\v_template.php(5): view('layout/v_konten')
10 SYSTEMPATH\View\View.php(213): include('APPPATH\\Views\\layout\\v_template.php')
11 SYSTEMPATH\View\View.php(216): CodeIgniter\View\View->CodeIgniter\View\{closure}()
12 SYSTEMPATH\Common.php(1134): CodeIgniter\View\View->render('layout/v_template', [], true)
13 APPPATH\Controllers\Home.php(21): view('layout/v_template', [...])
14 SYSTEMPATH\CodeIgniter.php(927): App\Controllers\Home->index()
15 SYSTEMPATH\CodeIgniter.php(482): CodeIgniter\CodeIgniter->runController(Object(App\Controllers\Home))
16 SYSTEMPATH\CodeIgniter.php(351): CodeIgniter\CodeIgniter->handleRequest(null, Object(Config\Cache), false)
17 FCPATH\index.php(67): CodeIgniter\CodeIgniter->run()
CRITICAL - 2022-11-29 07:16:04 --> Undefined array key " lat "
in APPPATH\Views\v_home.php on line 13.
 1 APPPATH\Views\v_home.php(13): CodeIgniter\Debug\Exceptions->errorHandler(2, 'Undefined array key " lat "', 'APPPATH\\Views\\v_home.php', 13)
 2 SYSTEMPATH\View\View.php(213): include('APPPATH\\Views\\v_home.php')
 3 SYSTEMPATH\View\View.php(216): CodeIgniter\View\View->CodeIgniter\View\{closure}()
 4 SYSTEMPATH\Common.php(1134): CodeIgniter\View\View->render('v_home', [], true)
 5 APPPATH\Views\layout\v_konten.php(3): view('v_home')
 6 SYSTEMPATH\View\View.php(213): include('APPPATH\\Views\\layout\\v_konten.php')
 7 SYSTEMPATH\View\View.php(216): CodeIgniter\View\View->CodeIgniter\View\{closure}()
 8 SYSTEMPATH\Common.php(1134): CodeIgniter\View\View->render('layout/v_konten', [], true)
 9 APPPATH\Views\layout\v_template.php(5): view('layout/v_konten')
10 SYSTEMPATH\View\View.php(213): include('APPPATH\\Views\\layout\\v_template.php')
11 SYSTEMPATH\View\View.php(216): CodeIgniter\View\View->CodeIgniter\View\{closure}()
12 SYSTEMPATH\Common.php(1134): CodeIgniter\View\View->render('layout/v_template', [], true)
13 APPPATH\Controllers\Home.php(21): view('layout/v_template', [...])
14 SYSTEMPATH\CodeIgniter.php(927): App\Controllers\Home->index()
15 SYSTEMPATH\CodeIgniter.php(482): CodeIgniter\CodeIgniter->runController(Object(App\Controllers\Home))
16 SYSTEMPATH\CodeIgniter.php(351): CodeIgniter\CodeIgniter->handleRequest(null, Object(Config\Cache), false)
17 FCPATH\index.php(67): CodeIgniter\CodeIgniter->run()
CRITICAL - 2022-11-29 07:16:05 --> Undefined array key " lat "
in APPPATH\Views\v_home.php on line 13.
 1 APPPATH\Views\v_home.php(13): CodeIgniter\Debug\Exceptions->errorHandler(2, 'Undefined array key " lat "', 'APPPATH\\Views\\v_home.php', 13)
 2 SYSTEMPATH\View\View.php(213): include('APPPATH\\Views\\v_home.php')
 3 SYSTEMPATH\View\View.php(216): CodeIgniter\View\View->CodeIgniter\View\{closure}()
 4 SYSTEMPATH\Common.php(1134): CodeIgniter\View\View->render('v_home', [], true)
 5 APPPATH\Views\layout\v_konten.php(3): view('v_home')
 6 SYSTEMPATH\View\View.php(213): include('APPPATH\\Views\\layout\\v_konten.php')
 7 SYSTEMPATH\View\View.php(216): CodeIgniter\View\View->CodeIgniter\View\{closure}()
 8 SYSTEMPATH\Common.php(1134): CodeIgniter\View\View->render('layout/v_konten', [], true)
 9 APPPATH\Views\layout\v_template.php(5): view('layout/v_konten')
10 SYSTEMPATH\View\View.php(213): include('APPPATH\\Views\\layout\\v_template.php')
11 SYSTEMPATH\View\View.php(216): CodeIgniter\View\View->CodeIgniter\View\{closure}()
12 SYSTEMPATH\Common.php(1134): CodeIgniter\View\View->render('layout/v_template', [], true)
13 APPPATH\Controllers\Home.php(21): view('layout/v_template', [...])
14 SYSTEMPATH\CodeIgniter.php(927): App\Controllers\Home->index()
15 SYSTEMPATH\CodeIgniter.php(482): CodeIgniter\CodeIgniter->runController(Object(App\Controllers\Home))
16 SYSTEMPATH\CodeIgniter.php(351): CodeIgniter\CodeIgniter->handleRequest(null, Object(Config\Cache), false)
17 FCPATH\index.php(67): CodeIgniter\CodeIgniter->run()
CRITICAL - 2022-11-29 07:19:50 --> Undefined array key " lat "
in APPPATH\Views\v_home.php on line 13.
 1 APPPATH\Views\v_home.php(13): CodeIgniter\Debug\Exceptions->errorHandler(2, 'Undefined array key " lat "', 'APPPATH\\Views\\v_home.php', 13)
 2 SYSTEMPATH\View\View.php(213): include('APPPATH\\Views\\v_home.php')
 3 SYSTEMPATH\View\View.php(216): CodeIgniter\View\View->CodeIgniter\View\{closure}()
 4 SYSTEMPATH\Common.php(1134): CodeIgniter\View\View->render('v_home', [], true)
 5 APPPATH\Views\layout\v_konten.php(3): view('v_home')
 6 SYSTEMPATH\View\View.php(213): include('APPPATH\\Views\\layout\\v_konten.php')
 7 SYSTEMPATH\View\View.php(216): CodeIgniter\View\View->CodeIgniter\View\{closure}()
 8 SYSTEMPATH\Common.php(1134): CodeIgniter\View\View->render('layout/v_konten', [], true)
 9 APPPATH\Views\layout\v_template.php(5): view('layout/v_konten')
10 SYSTEMPATH\View\View.php(213): include('APPPATH\\Views\\layout\\v_template.php')
11 SYSTEMPATH\View\View.php(216): CodeIgniter\View\View->CodeIgniter\View\{closure}()
12 SYSTEMPATH\Common.php(1134): CodeIgniter\View\View->render('layout/v_template', [], true)
13 APPPATH\Controllers\Home.php(21): view('layout/v_template', [...])
14 SYSTEMPATH\CodeIgniter.php(927): App\Controllers\Home->index()
15 SYSTEMPATH\CodeIgniter.php(482): CodeIgniter\CodeIgniter->runController(Object(App\Controllers\Home))
16 SYSTEMPATH\CodeIgniter.php(351): CodeIgniter\CodeIgniter->handleRequest(null, Object(Config\Cache), false)
17 FCPATH\index.php(67): CodeIgniter\CodeIgniter->run()
CRITICAL - 2022-11-29 07:19:51 --> Undefined array key " lat "
in APPPATH\Views\v_home.php on line 13.
 1 APPPATH\Views\v_home.php(13): CodeIgniter\Debug\Exceptions->errorHandler(2, 'Undefined array key " lat "', 'APPPATH\\Views\\v_home.php', 13)
 2 SYSTEMPATH\View\View.php(213): include('APPPATH\\Views\\v_home.php')
 3 SYSTEMPATH\View\View.php(216): CodeIgniter\View\View->CodeIgniter\View\{closure}()
 4 SYSTEMPATH\Common.php(1134): CodeIgniter\View\View->render('v_home', [], true)
 5 APPPATH\Views\layout\v_konten.php(3): view('v_home')
 6 SYSTEMPATH\View\View.php(213): include('APPPATH\\Views\\layout\\v_konten.php')
 7 SYSTEMPATH\View\View.php(216): CodeIgniter\View\View->CodeIgniter\View\{closure}()
 8 SYSTEMPATH\Common.php(1134): CodeIgniter\View\View->render('layout/v_konten', [], true)
 9 APPPATH\Views\layout\v_template.php(5): view('layout/v_konten')
10 SYSTEMPATH\View\View.php(213): include('APPPATH\\Views\\layout\\v_template.php')
11 SYSTEMPATH\View\View.php(216): CodeIgniter\View\View->CodeIgniter\View\{closure}()
12 SYSTEMPATH\Common.php(1134): CodeIgniter\View\View->render('layout/v_template', [], true)
13 APPPATH\Controllers\Home.php(21): view('layout/v_template', [...])
14 SYSTEMPATH\CodeIgniter.php(927): App\Controllers\Home->index()
15 SYSTEMPATH\CodeIgniter.php(482): CodeIgniter\CodeIgniter->runController(Object(App\Controllers\Home))
16 SYSTEMPATH\CodeIgniter.php(351): CodeIgniter\CodeIgniter->handleRequest(null, Object(Config\Cache), false)
17 FCPATH\index.php(67): CodeIgniter\CodeIgniter->run()
CRITICAL - 2022-11-29 07:19:53 --> Undefined array key " lat "
in APPPATH\Views\v_edit_kantor.php on line 92.
 1 APPPATH\Views\v_edit_kantor.php(92): CodeIgniter\Debug\Exceptions->errorHandler(2, 'Undefined array key " lat "', 'APPPATH\\Views\\v_edit_kantor.php', 92)
 2 SYSTEMPATH\View\View.php(213): include('APPPATH\\Views\\v_edit_kantor.php')
 3 SYSTEMPATH\View\View.php(216): CodeIgniter\View\View->CodeIgniter\View\{closure}()
 4 SYSTEMPATH\Common.php(1134): CodeIgniter\View\View->render('v_edit_kantor', [], true)
 5 APPPATH\Views\layout\v_konten.php(3): view('v_edit_kantor')
 6 SYSTEMPATH\View\View.php(213): include('APPPATH\\Views\\layout\\v_konten.php')
 7 SYSTEMPATH\View\View.php(216): CodeIgniter\View\View->CodeIgniter\View\{closure}()
 8 SYSTEMPATH\Common.php(1134): CodeIgniter\View\View->render('layout/v_konten', [], true)
 9 APPPATH\Views\layout\v_template.php(5): view('layout/v_konten')
10 SYSTEMPATH\View\View.php(213): include('APPPATH\\Views\\layout\\v_template.php')
11 SYSTEMPATH\View\View.php(216): CodeIgniter\View\View->CodeIgniter\View\{closure}()
12 SYSTEMPATH\Common.php(1134): CodeIgniter\View\View->render('layout/v_template', [], true)
13 APPPATH\Controllers\Kantor.php(116): view('layout/v_template', [...])
14 SYSTEMPATH\CodeIgniter.php(927): App\Controllers\Kantor->edit('6')
15 SYSTEMPATH\CodeIgniter.php(482): CodeIgniter\CodeIgniter->runController(Object(App\Controllers\Kantor))
16 SYSTEMPATH\CodeIgniter.php(351): CodeIgniter\CodeIgniter->handleRequest(null, Object(Config\Cache), false)
17 FCPATH\index.php(67): CodeIgniter\CodeIgniter->run()
CRITICAL - 2022-11-29 07:25:49 --> Undefined variable $value
in APPPATH\Views\v_edit_kantor.php on line 92.
 1 APPPATH\Views\v_edit_kantor.php(92): CodeIgniter\Debug\Exceptions->errorHandler(2, 'Undefined variable $value', 'APPPATH\\Views\\v_edit_kantor.php', 92)
 2 SYSTEMPATH\View\View.php(213): include('APPPATH\\Views\\v_edit_kantor.php')
 3 SYSTEMPATH\View\View.php(216): CodeIgniter\View\View->CodeIgniter\View\{closure}()
 4 SYSTEMPATH\Common.php(1134): CodeIgniter\View\View->render('v_edit_kantor', [], true)
 5 APPPATH\Views\layout\v_konten.php(3): view('v_edit_kantor')
 6 SYSTEMPATH\View\View.php(213): include('APPPATH\\Views\\layout\\v_konten.php')
 7 SYSTEMPATH\View\View.php(216): CodeIgniter\View\View->CodeIgniter\View\{closure}()
 8 SYSTEMPATH\Common.php(1134): CodeIgniter\View\View->render('layout/v_konten', [], true)
 9 APPPATH\Views\layout\v_template.php(5): view('layout/v_konten')
10 SYSTEMPATH\View\View.php(213): include('APPPATH\\Views\\layout\\v_template.php')
11 SYSTEMPATH\View\View.php(216): CodeIgniter\View\View->CodeIgniter\View\{closure}()
12 SYSTEMPATH\Common.php(1134): CodeIgniter\View\View->render('layout/v_template', [], true)
13 APPPATH\Controllers\Kantor.php(116): view('layout/v_template', [...])
14 SYSTEMPATH\CodeIgniter.php(927): App\Controllers\Kantor->edit('6')
15 SYSTEMPATH\CodeIgniter.php(482): CodeIgniter\CodeIgniter->runController(Object(App\Controllers\Kantor))
16 SYSTEMPATH\CodeIgniter.php(351): CodeIgniter\CodeIgniter->handleRequest(null, Object(Config\Cache), false)
17 FCPATH\index.php(67): CodeIgniter\CodeIgniter->run()
CRITICAL - 2022-11-29 07:25:50 --> Undefined variable $value
in APPPATH\Views\v_edit_kantor.php on line 92.
 1 APPPATH\Views\v_edit_kantor.php(92): CodeIgniter\Debug\Exceptions->errorHandler(2, 'Undefined variable $value', 'APPPATH\\Views\\v_edit_kantor.php', 92)
 2 SYSTEMPATH\View\View.php(213): include('APPPATH\\Views\\v_edit_kantor.php')
 3 SYSTEMPATH\View\View.php(216): CodeIgniter\View\View->CodeIgniter\View\{closure}()
 4 SYSTEMPATH\Common.php(1134): CodeIgniter\View\View->render('v_edit_kantor', [], true)
 5 APPPATH\Views\layout\v_konten.php(3): view('v_edit_kantor')
 6 SYSTEMPATH\View\View.php(213): include('APPPATH\\Views\\layout\\v_konten.php')
 7 SYSTEMPATH\View\View.php(216): CodeIgniter\View\View->CodeIgniter\View\{closure}()
 8 SYSTEMPATH\Common.php(1134): CodeIgniter\View\View->render('layout/v_konten', [], true)
 9 APPPATH\Views\layout\v_template.php(5): view('layout/v_konten')
10 SYSTEMPATH\View\View.php(213): include('APPPATH\\Views\\layout\\v_template.php')
11 SYSTEMPATH\View\View.php(216): CodeIgniter\View\View->CodeIgniter\View\{closure}()
12 SYSTEMPATH\Common.php(1134): CodeIgniter\View\View->render('layout/v_template', [], true)
13 APPPATH\Controllers\Kantor.php(116): view('layout/v_template', [...])
14 SYSTEMPATH\CodeIgniter.php(927): App\Controllers\Kantor->edit('6')
15 SYSTEMPATH\CodeIgniter.php(482): CodeIgniter\CodeIgniter->runController(Object(App\Controllers\Kantor))
16 SYSTEMPATH\CodeIgniter.php(351): CodeIgniter\CodeIgniter->handleRequest(null, Object(Config\Cache), false)
17 FCPATH\index.php(67): CodeIgniter\CodeIgniter->run()
CRITICAL - 2022-11-29 07:30:15 --> Undefined variable $id
in APPPATH\Views\v_edit_kantor.php on line 92.
 1 APPPATH\Views\v_edit_kantor.php(92): CodeIgniter\Debug\Exceptions->errorHandler(2, 'Undefined variable $id', 'APPPATH\\Views\\v_edit_kantor.php', 92)
 2 SYSTEMPATH\View\View.php(213): include('APPPATH\\Views\\v_edit_kantor.php')
 3 SYSTEMPATH\View\View.php(216): CodeIgniter\View\View->CodeIgniter\View\{closure}()
 4 SYSTEMPATH\Common.php(1134): CodeIgniter\View\View->render('v_edit_kantor', [], true)
 5 APPPATH\Views\layout\v_konten.php(3): view('v_edit_kantor')
 6 SYSTEMPATH\View\View.php(213): include('APPPATH\\Views\\layout\\v_konten.php')
 7 SYSTEMPATH\View\View.php(216): CodeIgniter\View\View->CodeIgniter\View\{closure}()
 8 SYSTEMPATH\Common.php(1134): CodeIgniter\View\View->render('layout/v_konten', [], true)
 9 APPPATH\Views\layout\v_template.php(5): view('layout/v_konten')
10 SYSTEMPATH\View\View.php(213): include('APPPATH\\Views\\layout\\v_template.php')
11 SYSTEMPATH\View\View.php(216): CodeIgniter\View\View->CodeIgniter\View\{closure}()
12 SYSTEMPATH\Common.php(1134): CodeIgniter\View\View->render('layout/v_template', [], true)
13 APPPATH\Controllers\Kantor.php(116): view('layout/v_template', [...])
14 SYSTEMPATH\CodeIgniter.php(927): App\Controllers\Kantor->edit('6')
15 SYSTEMPATH\CodeIgniter.php(482): CodeIgniter\CodeIgniter->runController(Object(App\Controllers\Kantor))
16 SYSTEMPATH\CodeIgniter.php(351): CodeIgniter\CodeIgniter->handleRequest(null, Object(Config\Cache), false)
17 FCPATH\index.php(67): CodeIgniter\CodeIgniter->run()
CRITICAL - 2022-11-29 07:30:16 --> Undefined variable $id
in APPPATH\Views\v_edit_kantor.php on line 92.
 1 APPPATH\Views\v_edit_kantor.php(92): CodeIgniter\Debug\Exceptions->errorHandler(2, 'Undefined variable $id', 'APPPATH\\Views\\v_edit_kantor.php', 92)
 2 SYSTEMPATH\View\View.php(213): include('APPPATH\\Views\\v_edit_kantor.php')
 3 SYSTEMPATH\View\View.php(216): CodeIgniter\View\View->CodeIgniter\View\{closure}()
 4 SYSTEMPATH\Common.php(1134): CodeIgniter\View\View->render('v_edit_kantor', [], true)
 5 APPPATH\Views\layout\v_konten.php(3): view('v_edit_kantor')
 6 SYSTEMPATH\View\View.php(213): include('APPPATH\\Views\\layout\\v_konten.php')
 7 SYSTEMPATH\View\View.php(216): CodeIgniter\View\View->CodeIgniter\View\{closure}()
 8 SYSTEMPATH\Common.php(1134): CodeIgniter\View\View->render('layout/v_konten', [], true)
 9 APPPATH\Views\layout\v_template.php(5): view('layout/v_konten')
10 SYSTEMPATH\View\View.php(213): include('APPPATH\\Views\\layout\\v_template.php')
11 SYSTEMPATH\View\View.php(216): CodeIgniter\View\View->CodeIgniter\View\{closure}()
12 SYSTEMPATH\Common.php(1134): CodeIgniter\View\View->render('layout/v_template', [], true)
13 APPPATH\Controllers\Kantor.php(116): view('layout/v_template', [...])
14 SYSTEMPATH\CodeIgniter.php(927): App\Controllers\Kantor->edit('6')
15 SYSTEMPATH\CodeIgniter.php(482): CodeIgniter\CodeIgniter->runController(Object(App\Controllers\Kantor))
16 SYSTEMPATH\CodeIgniter.php(351): CodeIgniter\CodeIgniter->handleRequest(null, Object(Config\Cache), false)
17 FCPATH\index.php(67): CodeIgniter\CodeIgniter->run()
CRITICAL - 2022-11-29 07:30:59 --> Undefined array key " lat "
in APPPATH\Views\v_edit_kantor.php on line 92.
 1 APPPATH\Views\v_edit_kantor.php(92): CodeIgniter\Debug\Exceptions->errorHandler(2, 'Undefined array key " lat "', 'APPPATH\\Views\\v_edit_kantor.php', 92)
 2 SYSTEMPATH\View\View.php(213): include('APPPATH\\Views\\v_edit_kantor.php')
 3 SYSTEMPATH\View\View.php(216): CodeIgniter\View\View->CodeIgniter\View\{closure}()
 4 SYSTEMPATH\Common.php(1134): CodeIgniter\View\View->render('v_edit_kantor', [], true)
 5 APPPATH\Views\layout\v_konten.php(3): view('v_edit_kantor')
 6 SYSTEMPATH\View\View.php(213): include('APPPATH\\Views\\layout\\v_konten.php')
 7 SYSTEMPATH\View\View.php(216): CodeIgniter\View\View->CodeIgniter\View\{closure}()
 8 SYSTEMPATH\Common.php(1134): CodeIgniter\View\View->render('layout/v_konten', [], true)
 9 APPPATH\Views\layout\v_template.php(5): view('layout/v_konten')
10 SYSTEMPATH\View\View.php(213): include('APPPATH\\Views\\layout\\v_template.php')
11 SYSTEMPATH\View\View.php(216): CodeIgniter\View\View->CodeIgniter\View\{closure}()
12 SYSTEMPATH\Common.php(1134): CodeIgniter\View\View->render('layout/v_template', [], true)
13 APPPATH\Controllers\Kantor.php(116): view('layout/v_template', [...])
14 SYSTEMPATH\CodeIgniter.php(927): App\Controllers\Kantor->edit('6')
15 SYSTEMPATH\CodeIgniter.php(482): CodeIgniter\CodeIgniter->runController(Object(App\Controllers\Kantor))
16 SYSTEMPATH\CodeIgniter.php(351): CodeIgniter\CodeIgniter->handleRequest(null, Object(Config\Cache), false)
17 FCPATH\index.php(67): CodeIgniter\CodeIgniter->run()
CRITICAL - 2022-11-29 07:31:00 --> Undefined array key " lat "
in APPPATH\Views\v_edit_kantor.php on line 92.
 1 APPPATH\Views\v_edit_kantor.php(92): CodeIgniter\Debug\Exceptions->errorHandler(2, 'Undefined array key " lat "', 'APPPATH\\Views\\v_edit_kantor.php', 92)
 2 SYSTEMPATH\View\View.php(213): include('APPPATH\\Views\\v_edit_kantor.php')
 3 SYSTEMPATH\View\View.php(216): CodeIgniter\View\View->CodeIgniter\View\{closure}()
 4 SYSTEMPATH\Common.php(1134): CodeIgniter\View\View->render('v_edit_kantor', [], true)
 5 APPPATH\Views\layout\v_konten.php(3): view('v_edit_kantor')
 6 SYSTEMPATH\View\View.php(213): include('APPPATH\\Views\\layout\\v_konten.php')
 7 SYSTEMPATH\View\View.php(216): CodeIgniter\View\View->CodeIgniter\View\{closure}()
 8 SYSTEMPATH\Common.php(1134): CodeIgniter\View\View->render('layout/v_konten', [], true)
 9 APPPATH\Views\layout\v_template.php(5): view('layout/v_konten')
10 SYSTEMPATH\View\View.php(213): include('APPPATH\\Views\\layout\\v_template.php')
11 SYSTEMPATH\View\View.php(216): CodeIgniter\View\View->CodeIgniter\View\{closure}()
12 SYSTEMPATH\Common.php(1134): CodeIgniter\View\View->render('layout/v_template', [], true)
13 APPPATH\Controllers\Kantor.php(116): view('layout/v_template', [...])
14 SYSTEMPATH\CodeIgniter.php(927): App\Controllers\Kantor->edit('6')
15 SYSTEMPATH\CodeIgniter.php(482): CodeIgniter\CodeIgniter->runController(Object(App\Controllers\Kantor))
16 SYSTEMPATH\CodeIgniter.php(351): CodeIgniter\CodeIgniter->handleRequest(null, Object(Config\Cache), false)
17 FCPATH\index.php(67): CodeIgniter\CodeIgniter->run()
CRITICAL - 2022-11-29 07:33:45 --> Undefined array key " lat "
in APPPATH\Views\v_edit_kantor.php on line 92.
 1 APPPATH\Views\v_edit_kantor.php(92): CodeIgniter\Debug\Exceptions->errorHandler(2, 'Undefined array key " lat "', 'APPPATH\\Views\\v_edit_kantor.php', 92)
 2 SYSTEMPATH\View\View.php(213): include('APPPATH\\Views\\v_edit_kantor.php')
 3 SYSTEMPATH\View\View.php(216): CodeIgniter\View\View->CodeIgniter\View\{closure}()
 4 SYSTEMPATH\Common.php(1134): CodeIgniter\View\View->render('v_edit_kantor', [], true)
 5 APPPATH\Views\layout\v_konten.php(3): view('v_edit_kantor')
 6 SYSTEMPATH\View\View.php(213): include('APPPATH\\Views\\layout\\v_konten.php')
 7 SYSTEMPATH\View\View.php(216): CodeIgniter\View\View->CodeIgniter\View\{closure}()
 8 SYSTEMPATH\Common.php(1134): CodeIgniter\View\View->render('layout/v_konten', [], true)
 9 APPPATH\Views\layout\v_template.php(5): view('layout/v_konten')
10 SYSTEMPATH\View\View.php(213): include('APPPATH\\Views\\layout\\v_template.php')
11 SYSTEMPATH\View\View.php(216): CodeIgniter\View\View->CodeIgniter\View\{closure}()
12 SYSTEMPATH\Common.php(1134): CodeIgniter\View\View->render('layout/v_template', [], true)
13 APPPATH\Controllers\Kantor.php(116): view('layout/v_template', [...])
14 SYSTEMPATH\CodeIgniter.php(927): App\Controllers\Kantor->edit('6')
15 SYSTEMPATH\CodeIgniter.php(482): CodeIgniter\CodeIgniter->runController(Object(App\Controllers\Kantor))
16 SYSTEMPATH\CodeIgniter.php(351): CodeIgniter\CodeIgniter->handleRequest(null, Object(Config\Cache), false)
17 FCPATH\index.php(67): CodeIgniter\CodeIgniter->run()
CRITICAL - 2022-11-29 07:33:46 --> Undefined array key " lat "
in APPPATH\Views\v_edit_kantor.php on line 92.
 1 APPPATH\Views\v_edit_kantor.php(92): CodeIgniter\Debug\Exceptions->errorHandler(2, 'Undefined array key " lat "', 'APPPATH\\Views\\v_edit_kantor.php', 92)
 2 SYSTEMPATH\View\View.php(213): include('APPPATH\\Views\\v_edit_kantor.php')
 3 SYSTEMPATH\View\View.php(216): CodeIgniter\View\View->CodeIgniter\View\{closure}()
 4 SYSTEMPATH\Common.php(1134): CodeIgniter\View\View->render('v_edit_kantor', [], true)
 5 APPPATH\Views\layout\v_konten.php(3): view('v_edit_kantor')
 6 SYSTEMPATH\View\View.php(213): include('APPPATH\\Views\\layout\\v_konten.php')
 7 SYSTEMPATH\View\View.php(216): CodeIgniter\View\View->CodeIgniter\View\{closure}()
 8 SYSTEMPATH\Common.php(1134): CodeIgniter\View\View->render('layout/v_konten', [], true)
 9 APPPATH\Views\layout\v_template.php(5): view('layout/v_konten')
10 SYSTEMPATH\View\View.php(213): include('APPPATH\\Views\\layout\\v_template.php')
11 SYSTEMPATH\View\View.php(216): CodeIgniter\View\View->CodeIgniter\View\{closure}()
12 SYSTEMPATH\Common.php(1134): CodeIgniter\View\View->render('layout/v_template', [], true)
13 APPPATH\Controllers\Kantor.php(116): view('layout/v_template', [...])
14 SYSTEMPATH\CodeIgniter.php(927): App\Controllers\Kantor->edit('6')
15 SYSTEMPATH\CodeIgniter.php(482): CodeIgniter\CodeIgniter->runController(Object(App\Controllers\Kantor))
16 SYSTEMPATH\CodeIgniter.php(351): CodeIgniter\CodeIgniter->handleRequest(null, Object(Config\Cache), false)
17 FCPATH\index.php(67): CodeIgniter\CodeIgniter->run()
CRITICAL - 2022-11-29 07:37:18 --> Undefined array key " lat "
in APPPATH\Views\v_edit_kantor.php on line 92.
 1 APPPATH\Views\v_edit_kantor.php(92): CodeIgniter\Debug\Exceptions->errorHandler(2, 'Undefined array key " lat "', 'APPPATH\\Views\\v_edit_kantor.php', 92)
 2 SYSTEMPATH\View\View.php(213): include('APPPATH\\Views\\v_edit_kantor.php')
 3 SYSTEMPATH\View\View.php(216): CodeIgniter\View\View->CodeIgniter\View\{closure}()
 4 SYSTEMPATH\Common.php(1134): CodeIgniter\View\View->render('v_edit_kantor', [], true)
 5 APPPATH\Views\layout\v_konten.php(3): view('v_edit_kantor')
 6 SYSTEMPATH\View\View.php(213): include('APPPATH\\Views\\layout\\v_konten.php')
 7 SYSTEMPATH\View\View.php(216): CodeIgniter\View\View->CodeIgniter\View\{closure}()
 8 SYSTEMPATH\Common.php(1134): CodeIgniter\View\View->render('layout/v_konten', [], true)
 9 APPPATH\Views\layout\v_template.php(5): view('layout/v_konten')
10 SYSTEMPATH\View\View.php(213): include('APPPATH\\Views\\layout\\v_template.php')
11 SYSTEMPATH\View\View.php(216): CodeIgniter\View\View->CodeIgniter\View\{closure}()
12 SYSTEMPATH\Common.php(1134): CodeIgniter\View\View->render('layout/v_template', [], true)
13 APPPATH\Controllers\Kantor.php(116): view('layout/v_template', [...])
14 SYSTEMPATH\CodeIgniter.php(927): App\Controllers\Kantor->edit('6')
15 SYSTEMPATH\CodeIgniter.php(482): CodeIgniter\CodeIgniter->runController(Object(App\Controllers\Kantor))
16 SYSTEMPATH\CodeIgniter.php(351): CodeIgniter\CodeIgniter->handleRequest(null, Object(Config\Cache), false)
17 FCPATH\index.php(67): CodeIgniter\CodeIgniter->run()
ERROR - 2022-11-29 07:38:25 --> mysqli_sql_exception: Operand should contain 1 column(s) in D:\xampp\htdocs\giskantor\system\Database\MySQLi\Connection.php:292
Stack trace:
#0 D:\xampp\htdocs\giskantor\system\Database\MySQLi\Connection.php(292): mysqli->query('UPDATE `tbl_kan...', 0)
#1 D:\xampp\htdocs\giskantor\system\Database\BaseConnection.php(666): CodeIgniter\Database\MySQLi\Connection->execute('UPDATE `tbl_kan...')
#2 D:\xampp\htdocs\giskantor\system\Database\BaseConnection.php(593): CodeIgniter\Database\BaseConnection->simpleQuery('UPDATE `tbl_kan...')
#3 D:\xampp\htdocs\giskantor\system\Database\BaseBuilder.php(2079): CodeIgniter\Database\BaseConnection->query('UPDATE `tbl_kan...', Array, false)
#4 D:\xampp\htdocs\giskantor\app\Models\M_kantor.php(24): CodeIgniter\Database\BaseBuilder->update(Array)
#5 D:\xampp\htdocs\giskantor\app\Controllers\Kantor.php(189): App\Models\M_kantor->update_kantor(Array, '6')
#6 D:\xampp\htdocs\giskantor\system\CodeIgniter.php(927): App\Controllers\Kantor->update('6')
#7 D:\xampp\htdocs\giskantor\system\CodeIgniter.php(482): CodeIgniter\CodeIgniter->runController(Object(App\Controllers\Kantor))
#8 D:\xampp\htdocs\giskantor\system\CodeIgniter.php(351): CodeIgniter\CodeIgniter->handleRequest(NULL, Object(Config\Cache), false)
#9 D:\xampp\htdocs\giskantor\index.php(67): CodeIgniter\CodeIgniter->run()
#10 {main}
CRITICAL - 2022-11-29 07:38:25 --> Operand should contain 1 column(s)
in SYSTEMPATH\Database\MySQLi\Connection.php on line 292.
 1 SYSTEMPATH\Database\MySQLi\Connection.php(292): mysqli->query('UPDATE `tbl_kantor` SET `id` = (\'Kantor HMIF\',\'Blater\',\'143234234244\',\'-7.409111833975158\',\'109.33980000494601\',\'HMIF\',\'1669729105_732ba985f9266e50097a.png\')', 0)
 2 SYSTEMPATH\Database\BaseConnection.php(666): CodeIgniter\Database\MySQLi\Connection->execute('UPDATE `tbl_kantor` SET `id` = (\'Kantor HMIF\',\'Blater\',\'143234234244\',\'-7.409111833975158\',\'109.33980000494601\',\'HMIF\',\'1669729105_732ba985f9266e50097a.png\')')
 3 SYSTEMPATH\Database\BaseConnection.php(593): CodeIgniter\Database\BaseConnection->simpleQuery('UPDATE `tbl_kantor` SET `id` = (\'Kantor HMIF\',\'Blater\',\'143234234244\',\'-7.409111833975158\',\'109.33980000494601\',\'HMIF\',\'1669729105_732ba985f9266e50097a.png\')')
 4 SYSTEMPATH\Database\BaseBuilder.php(2079): CodeIgniter\Database\BaseConnection->query('UPDATE `tbl_kantor` SET `id` = :id:', [...], false)
 5 APPPATH\Models\M_kantor.php(24): CodeIgniter\Database\BaseBuilder->update([...])
 6 APPPATH\Controllers\Kantor.php(189): App\Models\M_kantor->update_kantor([...], '6')
 7 SYSTEMPATH\CodeIgniter.php(927): App\Controllers\Kantor->update('6')
 8 SYSTEMPATH\CodeIgniter.php(482): CodeIgniter\CodeIgniter->runController(Object(App\Controllers\Kantor))
 9 SYSTEMPATH\CodeIgniter.php(351): CodeIgniter\CodeIgniter->handleRequest(null, Object(Config\Cache), false)
10 FCPATH\index.php(67): CodeIgniter\CodeIgniter->run()
ERROR - 2022-11-29 07:38:47 --> mysqli_sql_exception: Operand should contain 1 column(s) in D:\xampp\htdocs\giskantor\system\Database\MySQLi\Connection.php:292
Stack trace:
#0 D:\xampp\htdocs\giskantor\system\Database\MySQLi\Connection.php(292): mysqli->query('UPDATE `tbl_kan...', 0)
#1 D:\xampp\htdocs\giskantor\system\Database\BaseConnection.php(666): CodeIgniter\Database\MySQLi\Connection->execute('UPDATE `tbl_kan...')
#2 D:\xampp\htdocs\giskantor\system\Database\BaseConnection.php(593): CodeIgniter\Database\BaseConnection->simpleQuery('UPDATE `tbl_kan...')
#3 D:\xampp\htdocs\giskantor\system\Database\BaseBuilder.php(2079): CodeIgniter\Database\BaseConnection->query('UPDATE `tbl_kan...', Array, false)
#4 D:\xampp\htdocs\giskantor\app\Models\M_kantor.php(24): CodeIgniter\Database\BaseBuilder->update(Array)
#5 D:\xampp\htdocs\giskantor\app\Controllers\Kantor.php(189): App\Models\M_kantor->update_kantor(Array, '6')
#6 D:\xampp\htdocs\giskantor\system\CodeIgniter.php(927): App\Controllers\Kantor->update('6')
#7 D:\xampp\htdocs\giskantor\system\CodeIgniter.php(482): CodeIgniter\CodeIgniter->runController(Object(App\Controllers\Kantor))
#8 D:\xampp\htdocs\giskantor\system\CodeIgniter.php(351): CodeIgniter\CodeIgniter->handleRequest(NULL, Object(Config\Cache), false)
#9 D:\xampp\htdocs\giskantor\index.php(67): CodeIgniter\CodeIgniter->run()
#10 {main}
CRITICAL - 2022-11-29 07:38:47 --> Operand should contain 1 column(s)
in SYSTEMPATH\Database\MySQLi\Connection.php on line 292.
 1 SYSTEMPATH\Database\MySQLi\Connection.php(292): mysqli->query('UPDATE `tbl_kantor` SET `id` = (\'Kantor HMIF\',\'Blater\',\'143234234244\',\'-7.409111833975158\',\'109.33980000494601\',\'HMIF\',\'1669729127_3fc499367dd6a93babc0.png\')', 0)
 2 SYSTEMPATH\Database\BaseConnection.php(666): CodeIgniter\Database\MySQLi\Connection->execute('UPDATE `tbl_kantor` SET `id` = (\'Kantor HMIF\',\'Blater\',\'143234234244\',\'-7.409111833975158\',\'109.33980000494601\',\'HMIF\',\'1669729127_3fc499367dd6a93babc0.png\')')
 3 SYSTEMPATH\Database\BaseConnection.php(593): CodeIgniter\Database\BaseConnection->simpleQuery('UPDATE `tbl_kantor` SET `id` = (\'Kantor HMIF\',\'Blater\',\'143234234244\',\'-7.409111833975158\',\'109.33980000494601\',\'HMIF\',\'1669729127_3fc499367dd6a93babc0.png\')')
 4 SYSTEMPATH\Database\BaseBuilder.php(2079): CodeIgniter\Database\BaseConnection->query('UPDATE `tbl_kantor` SET `id` = :id:', [...], false)
 5 APPPATH\Models\M_kantor.php(24): CodeIgniter\Database\BaseBuilder->update([...])
 6 APPPATH\Controllers\Kantor.php(189): App\Models\M_kantor->update_kantor([...], '6')
 7 SYSTEMPATH\CodeIgniter.php(927): App\Controllers\Kantor->update('6')
 8 SYSTEMPATH\CodeIgniter.php(482): CodeIgniter\CodeIgniter->runController(Object(App\Controllers\Kantor))
 9 SYSTEMPATH\CodeIgniter.php(351): CodeIgniter\CodeIgniter->handleRequest(null, Object(Config\Cache), false)
10 FCPATH\index.php(67): CodeIgniter\CodeIgniter->run()
CRITICAL - 2022-11-29 07:39:14 --> Undefined array key " lat "
in APPPATH\Views\v_home.php on line 13.
 1 APPPATH\Views\v_home.php(13): CodeIgniter\Debug\Exceptions->errorHandler(2, 'Undefined array key " lat "', 'APPPATH\\Views\\v_home.php', 13)
 2 SYSTEMPATH\View\View.php(213): include('APPPATH\\Views\\v_home.php')
 3 SYSTEMPATH\View\View.php(216): CodeIgniter\View\View->CodeIgniter\View\{closure}()
 4 SYSTEMPATH\Common.php(1134): CodeIgniter\View\View->render('v_home', [], true)
 5 APPPATH\Views\layout\v_konten.php(3): view('v_home')
 6 SYSTEMPATH\View\View.php(213): include('APPPATH\\Views\\layout\\v_konten.php')
 7 SYSTEMPATH\View\View.php(216): CodeIgniter\View\View->CodeIgniter\View\{closure}()
 8 SYSTEMPATH\Common.php(1134): CodeIgniter\View\View->render('layout/v_konten', [], true)
 9 APPPATH\Views\layout\v_template.php(5): view('layout/v_konten')
10 SYSTEMPATH\View\View.php(213): include('APPPATH\\Views\\layout\\v_template.php')
11 SYSTEMPATH\View\View.php(216): CodeIgniter\View\View->CodeIgniter\View\{closure}()
12 SYSTEMPATH\Common.php(1134): CodeIgniter\View\View->render('layout/v_template', [], true)
13 APPPATH\Controllers\Home.php(21): view('layout/v_template', [...])
14 SYSTEMPATH\CodeIgniter.php(927): App\Controllers\Home->index()
15 SYSTEMPATH\CodeIgniter.php(482): CodeIgniter\CodeIgniter->runController(Object(App\Controllers\Home))
16 SYSTEMPATH\CodeIgniter.php(351): CodeIgniter\CodeIgniter->handleRequest(null, Object(Config\Cache), false)
17 FCPATH\index.php(67): CodeIgniter\CodeIgniter->run()
CRITICAL - 2022-11-29 07:39:36 --> Undefined array key " lat "
in APPPATH\Views\v_home.php on line 13.
 1 APPPATH\Views\v_home.php(13): CodeIgniter\Debug\Exceptions->errorHandler(2, 'Undefined array key " lat "', 'APPPATH\\Views\\v_home.php', 13)
 2 SYSTEMPATH\View\View.php(213): include('APPPATH\\Views\\v_home.php')
 3 SYSTEMPATH\View\View.php(216): CodeIgniter\View\View->CodeIgniter\View\{closure}()
 4 SYSTEMPATH\Common.php(1134): CodeIgniter\View\View->render('v_home', [], true)
 5 APPPATH\Views\layout\v_konten.php(3): view('v_home')
 6 SYSTEMPATH\View\View.php(213): include('APPPATH\\Views\\layout\\v_konten.php')
 7 SYSTEMPATH\View\View.php(216): CodeIgniter\View\View->CodeIgniter\View\{closure}()
 8 SYSTEMPATH\Common.php(1134): CodeIgniter\View\View->render('layout/v_konten', [], true)
 9 APPPATH\Views\layout\v_template.php(5): view('layout/v_konten')
10 SYSTEMPATH\View\View.php(213): include('APPPATH\\Views\\layout\\v_template.php')
11 SYSTEMPATH\View\View.php(216): CodeIgniter\View\View->CodeIgniter\View\{closure}()
12 SYSTEMPATH\Common.php(1134): CodeIgniter\View\View->render('layout/v_template', [], true)
13 APPPATH\Controllers\Home.php(21): view('layout/v_template', [...])
14 SYSTEMPATH\CodeIgniter.php(927): App\Controllers\Home->index()
15 SYSTEMPATH\CodeIgniter.php(482): CodeIgniter\CodeIgniter->runController(Object(App\Controllers\Home))
16 SYSTEMPATH\CodeIgniter.php(351): CodeIgniter\CodeIgniter->handleRequest(null, Object(Config\Cache), false)
17 FCPATH\index.php(67): CodeIgniter\CodeIgniter->run()
CRITICAL - 2022-11-29 07:39:37 --> Undefined array key " lat "
in APPPATH\Views\v_home.php on line 13.
 1 APPPATH\Views\v_home.php(13): CodeIgniter\Debug\Exceptions->errorHandler(2, 'Undefined array key " lat "', 'APPPATH\\Views\\v_home.php', 13)
 2 SYSTEMPATH\View\View.php(213): include('APPPATH\\Views\\v_home.php')
 3 SYSTEMPATH\View\View.php(216): CodeIgniter\View\View->CodeIgniter\View\{closure}()
 4 SYSTEMPATH\Common.php(1134): CodeIgniter\View\View->render('v_home', [], true)
 5 APPPATH\Views\layout\v_konten.php(3): view('v_home')
 6 SYSTEMPATH\View\View.php(213): include('APPPATH\\Views\\layout\\v_konten.php')
 7 SYSTEMPATH\View\View.php(216): CodeIgniter\View\View->CodeIgniter\View\{closure}()
 8 SYSTEMPATH\Common.php(1134): CodeIgniter\View\View->render('layout/v_konten', [], true)
 9 APPPATH\Views\layout\v_template.php(5): view('layout/v_konten')
10 SYSTEMPATH\View\View.php(213): include('APPPATH\\Views\\layout\\v_template.php')
11 SYSTEMPATH\View\View.php(216): CodeIgniter\View\View->CodeIgniter\View\{closure}()
12 SYSTEMPATH\Common.php(1134): CodeIgniter\View\View->render('layout/v_template', [], true)
13 APPPATH\Controllers\Home.php(21): view('layout/v_template', [...])
14 SYSTEMPATH\CodeIgniter.php(927): App\Controllers\Home->index()
15 SYSTEMPATH\CodeIgniter.php(482): CodeIgniter\CodeIgniter->runController(Object(App\Controllers\Home))
16 SYSTEMPATH\CodeIgniter.php(351): CodeIgniter\CodeIgniter->handleRequest(null, Object(Config\Cache), false)
17 FCPATH\index.php(67): CodeIgniter\CodeIgniter->run()
CRITICAL - 2022-11-29 07:39:37 --> Undefined array key " lat "
in APPPATH\Views\v_home.php on line 13.
 1 APPPATH\Views\v_home.php(13): CodeIgniter\Debug\Exceptions->errorHandler(2, 'Undefined array key " lat "', 'APPPATH\\Views\\v_home.php', 13)
 2 SYSTEMPATH\View\View.php(213): include('APPPATH\\Views\\v_home.php')
 3 SYSTEMPATH\View\View.php(216): CodeIgniter\View\View->CodeIgniter\View\{closure}()
 4 SYSTEMPATH\Common.php(1134): CodeIgniter\View\View->render('v_home', [], true)
 5 APPPATH\Views\layout\v_konten.php(3): view('v_home')
 6 SYSTEMPATH\View\View.php(213): include('APPPATH\\Views\\layout\\v_konten.php')
 7 SYSTEMPATH\View\View.php(216): CodeIgniter\View\View->CodeIgniter\View\{closure}()
 8 SYSTEMPATH\Common.php(1134): CodeIgniter\View\View->render('layout/v_konten', [], true)
 9 APPPATH\Views\layout\v_template.php(5): view('layout/v_konten')
10 SYSTEMPATH\View\View.php(213): include('APPPATH\\Views\\layout\\v_template.php')
11 SYSTEMPATH\View\View.php(216): CodeIgniter\View\View->CodeIgniter\View\{closure}()
12 SYSTEMPATH\Common.php(1134): CodeIgniter\View\View->render('layout/v_template', [], true)
13 APPPATH\Controllers\Home.php(21): view('layout/v_template', [...])
14 SYSTEMPATH\CodeIgniter.php(927): App\Controllers\Home->index()
15 SYSTEMPATH\CodeIgniter.php(482): CodeIgniter\CodeIgniter->runController(Object(App\Controllers\Home))
16 SYSTEMPATH\CodeIgniter.php(351): CodeIgniter\CodeIgniter->handleRequest(null, Object(Config\Cache), false)
17 FCPATH\index.php(67): CodeIgniter\CodeIgniter->run()
CRITICAL - 2022-11-29 07:39:51 --> Undefined array key " lat "
in APPPATH\Views\v_home.php on line 13.
 1 APPPATH\Views\v_home.php(13): CodeIgniter\Debug\Exceptions->errorHandler(2, 'Undefined array key " lat "', 'APPPATH\\Views\\v_home.php', 13)
 2 SYSTEMPATH\View\View.php(213): include('APPPATH\\Views\\v_home.php')
 3 SYSTEMPATH\View\View.php(216): CodeIgniter\View\View->CodeIgniter\View\{closure}()
 4 SYSTEMPATH\Common.php(1134): CodeIgniter\View\View->render('v_home', [], true)
 5 APPPATH\Views\layout\v_konten.php(3): view('v_home')
 6 SYSTEMPATH\View\View.php(213): include('APPPATH\\Views\\layout\\v_konten.php')
 7 SYSTEMPATH\View\View.php(216): CodeIgniter\View\View->CodeIgniter\View\{closure}()
 8 SYSTEMPATH\Common.php(1134): CodeIgniter\View\View->render('layout/v_konten', [], true)
 9 APPPATH\Views\layout\v_template.php(5): view('layout/v_konten')
10 SYSTEMPATH\View\View.php(213): include('APPPATH\\Views\\layout\\v_template.php')
11 SYSTEMPATH\View\View.php(216): CodeIgniter\View\View->CodeIgniter\View\{closure}()
12 SYSTEMPATH\Common.php(1134): CodeIgniter\View\View->render('layout/v_template', [], true)
13 APPPATH\Controllers\Home.php(21): view('layout/v_template', [...])
14 SYSTEMPATH\CodeIgniter.php(927): App\Controllers\Home->index()
15 SYSTEMPATH\CodeIgniter.php(482): CodeIgniter\CodeIgniter->runController(Object(App\Controllers\Home))
16 SYSTEMPATH\CodeIgniter.php(351): CodeIgniter\CodeIgniter->handleRequest(null, Object(Config\Cache), false)
17 FCPATH\index.php(67): CodeIgniter\CodeIgniter->run()
CRITICAL - 2022-11-29 07:39:52 --> Undefined array key " lat "
in APPPATH\Views\v_home.php on line 13.
 1 APPPATH\Views\v_home.php(13): CodeIgniter\Debug\Exceptions->errorHandler(2, 'Undefined array key " lat "', 'APPPATH\\Views\\v_home.php', 13)
 2 SYSTEMPATH\View\View.php(213): include('APPPATH\\Views\\v_home.php')
 3 SYSTEMPATH\View\View.php(216): CodeIgniter\View\View->CodeIgniter\View\{closure}()
 4 SYSTEMPATH\Common.php(1134): CodeIgniter\View\View->render('v_home', [], true)
 5 APPPATH\Views\layout\v_konten.php(3): view('v_home')
 6 SYSTEMPATH\View\View.php(213): include('APPPATH\\Views\\layout\\v_konten.php')
 7 SYSTEMPATH\View\View.php(216): CodeIgniter\View\View->CodeIgniter\View\{closure}()
 8 SYSTEMPATH\Common.php(1134): CodeIgniter\View\View->render('layout/v_konten', [], true)
 9 APPPATH\Views\layout\v_template.php(5): view('layout/v_konten')
10 SYSTEMPATH\View\View.php(213): include('APPPATH\\Views\\layout\\v_template.php')
11 SYSTEMPATH\View\View.php(216): CodeIgniter\View\View->CodeIgniter\View\{closure}()
12 SYSTEMPATH\Common.php(1134): CodeIgniter\View\View->render('layout/v_template', [], true)
13 APPPATH\Controllers\Home.php(21): view('layout/v_template', [...])
14 SYSTEMPATH\CodeIgniter.php(927): App\Controllers\Home->index()
15 SYSTEMPATH\CodeIgniter.php(482): CodeIgniter\CodeIgniter->runController(Object(App\Controllers\Home))
16 SYSTEMPATH\CodeIgniter.php(351): CodeIgniter\CodeIgniter->handleRequest(null, Object(Config\Cache), false)
17 FCPATH\index.php(67): CodeIgniter\CodeIgniter->run()
CRITICAL - 2022-11-29 07:47:51 --> Undefined array key " lat "
in APPPATH\Views\v_home.php on line 11.
 1 APPPATH\Views\v_home.php(11): CodeIgniter\Debug\Exceptions->errorHandler(2, 'Undefined array key " lat "', 'APPPATH\\Views\\v_home.php', 11)
 2 SYSTEMPATH\View\View.php(213): include('APPPATH\\Views\\v_home.php')
 3 SYSTEMPATH\View\View.php(216): CodeIgniter\View\View->CodeIgniter\View\{closure}()
 4 SYSTEMPATH\Common.php(1134): CodeIgniter\View\View->render('v_home', [], true)
 5 APPPATH\Views\layout\v_konten.php(3): view('v_home')
 6 SYSTEMPATH\View\View.php(213): include('APPPATH\\Views\\layout\\v_konten.php')
 7 SYSTEMPATH\View\View.php(216): CodeIgniter\View\View->CodeIgniter\View\{closure}()
 8 SYSTEMPATH\Common.php(1134): CodeIgniter\View\View->render('layout/v_konten', [], true)
 9 APPPATH\Views\layout\v_template.php(5): view('layout/v_konten')
10 SYSTEMPATH\View\View.php(213): include('APPPATH\\Views\\layout\\v_template.php')
11 SYSTEMPATH\View\View.php(216): CodeIgniter\View\View->CodeIgniter\View\{closure}()
12 SYSTEMPATH\Common.php(1134): CodeIgniter\View\View->render('layout/v_template', [], true)
13 APPPATH\Controllers\Home.php(21): view('layout/v_template', [...])
14 SYSTEMPATH\CodeIgniter.php(927): App\Controllers\Home->index()
15 SYSTEMPATH\CodeIgniter.php(482): CodeIgniter\CodeIgniter->runController(Object(App\Controllers\Home))
16 SYSTEMPATH\CodeIgniter.php(351): CodeIgniter\CodeIgniter->handleRequest(null, Object(Config\Cache), false)
17 FCPATH\index.php(67): CodeIgniter\CodeIgniter->run()
CRITICAL - 2022-11-29 07:47:52 --> Undefined array key " lat "
in APPPATH\Views\v_home.php on line 11.
 1 APPPATH\Views\v_home.php(11): CodeIgniter\Debug\Exceptions->errorHandler(2, 'Undefined array key " lat "', 'APPPATH\\Views\\v_home.php', 11)
 2 SYSTEMPATH\View\View.php(213): include('APPPATH\\Views\\v_home.php')
 3 SYSTEMPATH\View\View.php(216): CodeIgniter\View\View->CodeIgniter\View\{closure}()
 4 SYSTEMPATH\Common.php(1134): CodeIgniter\View\View->render('v_home', [], true)
 5 APPPATH\Views\layout\v_konten.php(3): view('v_home')
 6 SYSTEMPATH\View\View.php(213): include('APPPATH\\Views\\layout\\v_konten.php')
 7 SYSTEMPATH\View\View.php(216): CodeIgniter\View\View->CodeIgniter\View\{closure}()
 8 SYSTEMPATH\Common.php(1134): CodeIgniter\View\View->render('layout/v_konten', [], true)
 9 APPPATH\Views\layout\v_template.php(5): view('layout/v_konten')
10 SYSTEMPATH\View\View.php(213): include('APPPATH\\Views\\layout\\v_template.php')
11 SYSTEMPATH\View\View.php(216): CodeIgniter\View\View->CodeIgniter\View\{closure}()
12 SYSTEMPATH\Common.php(1134): CodeIgniter\View\View->render('layout/v_template', [], true)
13 APPPATH\Controllers\Home.php(21): view('layout/v_template', [...])
14 SYSTEMPATH\CodeIgniter.php(927): App\Controllers\Home->index()
15 SYSTEMPATH\CodeIgniter.php(482): CodeIgniter\CodeIgniter->runController(Object(App\Controllers\Home))
16 SYSTEMPATH\CodeIgniter.php(351): CodeIgniter\CodeIgniter->handleRequest(null, Object(Config\Cache), false)
17 FCPATH\index.php(67): CodeIgniter\CodeIgniter->run()
CRITICAL - 2022-11-29 07:48:30 --> Undefined array key " lat "
in APPPATH\Views\v_home.php on line 11.
 1 APPPATH\Views\v_home.php(11): CodeIgniter\Debug\Exceptions->errorHandler(2, 'Undefined array key " lat "', 'APPPATH\\Views\\v_home.php', 11)
 2 SYSTEMPATH\View\View.php(213): include('APPPATH\\Views\\v_home.php')
 3 SYSTEMPATH\View\View.php(216): CodeIgniter\View\View->CodeIgniter\View\{closure}()
 4 SYSTEMPATH\Common.php(1134): CodeIgniter\View\View->render('v_home', [], true)
 5 APPPATH\Views\layout\v_konten.php(3): view('v_home')
 6 SYSTEMPATH\View\View.php(213): include('APPPATH\\Views\\layout\\v_konten.php')
 7 SYSTEMPATH\View\View.php(216): CodeIgniter\View\View->CodeIgniter\View\{closure}()
 8 SYSTEMPATH\Common.php(1134): CodeIgniter\View\View->render('layout/v_konten', [], true)
 9 APPPATH\Views\layout\v_template.php(5): view('layout/v_konten')
10 SYSTEMPATH\View\View.php(213): include('APPPATH\\Views\\layout\\v_template.php')
11 SYSTEMPATH\View\View.php(216): CodeIgniter\View\View->CodeIgniter\View\{closure}()
12 SYSTEMPATH\Common.php(1134): CodeIgniter\View\View->render('layout/v_template', [], true)
13 APPPATH\Controllers\Home.php(21): view('layout/v_template', [...])
14 SYSTEMPATH\CodeIgniter.php(927): App\Controllers\Home->index()
15 SYSTEMPATH\CodeIgniter.php(482): CodeIgniter\CodeIgniter->runController(Object(App\Controllers\Home))
16 SYSTEMPATH\CodeIgniter.php(351): CodeIgniter\CodeIgniter->handleRequest(null, Object(Config\Cache), false)
17 FCPATH\index.php(67): CodeIgniter\CodeIgniter->run()
CRITICAL - 2022-11-29 08:13:42 --> syntax error, unexpected string content "", expecting "-" or identifier or variable or number
in APPPATH\Views\v_home.php on line 12.
 1 SYSTEMPATH\View\View.php(216): CodeIgniter\View\View->CodeIgniter\View\{closure}()
 2 SYSTEMPATH\Common.php(1134): CodeIgniter\View\View->render('v_home', [], true)
 3 APPPATH\Views\layout\v_konten.php(3): view('v_home')
 4 SYSTEMPATH\View\View.php(213): include('APPPATH\\Views\\layout\\v_konten.php')
 5 SYSTEMPATH\View\View.php(216): CodeIgniter\View\View->CodeIgniter\View\{closure}()
 6 SYSTEMPATH\Common.php(1134): CodeIgniter\View\View->render('layout/v_konten', [], true)
 7 APPPATH\Views\layout\v_template.php(5): view('layout/v_konten')
 8 SYSTEMPATH\View\View.php(213): include('APPPATH\\Views\\layout\\v_template.php')
 9 SYSTEMPATH\View\View.php(216): CodeIgniter\View\View->CodeIgniter\View\{closure}()
10 SYSTEMPATH\Common.php(1134): CodeIgniter\View\View->render('layout/v_template', [], true)
11 APPPATH\Controllers\Home.php(21): view('layout/v_template', [...])
12 SYSTEMPATH\CodeIgniter.php(927): App\Controllers\Home->index()
13 SYSTEMPATH\CodeIgniter.php(482): CodeIgniter\CodeIgniter->runController(Object(App\Controllers\Home))
14 SYSTEMPATH\CodeIgniter.php(351): CodeIgniter\CodeIgniter->handleRequest(null, Object(Config\Cache), false)
15 FCPATH\index.php(67): CodeIgniter\CodeIgniter->run()
